This is TeX, Version 3.14159265 (TeX Live 2015/Debian) (preloaded format=tex 2017.8.30)  30 AUG 2017 13:04
**capa.tex
(./capa.tex
! Undefined control sequence.
l.11 \titulo
            {T^^c3^^adtulo do Trabalho: Subt^^c3^^adtulo do Trabalho}
The control sequence at the end of the top line
of your error message was never \def'ed. If you have
misspelled it (e.g., `\hobx'), type `I' and the correct
spelling (e.g., `I\hbox'). Otherwise just continue,
and I'll forget about whatever was undefined.

Missing character: There is no ^^c3 in font cmr10!
Missing character: There is no ^^ad in font cmr10!
Missing character: There is no ^^c3 in font cmr10!
Missing character: There is no ^^ad in font cmr10!
! Undefined control sequence.
l.12 \autor
           {Cristiano Jos^^c3^^a9 Mendes Matsui}
The control sequence at the end of the top line
of your error message was never \def'ed. If you have
misspelled it (e.g., `\hobx'), type `I' and the correct
spelling (e.g., `I\hbox'). Otherwise just continue,
and I'll forget about whatever was undefined.

Missing character: There is no ^^c3 in font cmr10!
Missing character: There is no ^^a9 in font cmr10!
! Undefined control sequence.
l.13 \autorcitacao
                  {MATSUI, Cristiano} % Sobrenome em mai^^c3^^basculo
The control sequence at the end of the top line
of your error message was never \def'ed. If you have
misspelled it (e.g., `\hobx'), type `I' and the correct
spelling (e.g., `I\hbox'). Otherwise just continue,
and I'll forget about whatever was undefined.

! Undefined control sequence.
l.14 \local
           {Pato Branco}
The control sequence at the end of the top line
of your error message was never \def'ed. If you have
misspelled it (e.g., `\hobx'), type `I' and the correct
spelling (e.g., `I\hbox'). Otherwise just continue,
and I'll forget about whatever was undefined.

! Undefined control sequence.
l.15 \data
          {2017}
The control sequence at the end of the top line
of your error message was never \def'ed. If you have
misspelled it (e.g., `\hobx'), type `I' and the correct
spelling (e.g., `I\hbox'). Otherwise just continue,
and I'll forget about whatever was undefined.

! Undefined control sequence.
l.18 \projeto
             {Proposta de Trabalho de Conclus^^c3^^a3o de Curso}
The control sequence at the end of the top line
of your error message was never \def'ed. If you have
misspelled it (e.g., `\hobx'), type `I' and the correct
spelling (e.g., `I\hbox'). Otherwise just continue,
and I'll forget about whatever was undefined.

Missing character: There is no ^^c3 in font cmr10!
Missing character: There is no ^^a3 in font cmr10!
! Undefined control sequence.
l.22 \tituloAcademico
                     {Bacharel}
The control sequence at the end of the top line
of your error message was never \def'ed. If you have
misspelled it (e.g., `\hobx'), type `I' and the correct
spelling (e.g., `I\hbox'). Otherwise just continue,
and I'll forget about whatever was undefined.

! Undefined control sequence.
l.27 \instituicao
                 {Universidade Tecnol^^c3^^b3gica Federal do Paran^^c3^^a1}
The control sequence at the end of the top line
of your error message was never \def'ed. If you have
misspelled it (e.g., `\hobx'), type `I' and the correct
spelling (e.g., `I\hbox'). Otherwise just continue,
and I'll forget about whatever was undefined.

Missing character: There is no ^^c3 in font cmr10!
Missing character: There is no ^^b3 in font cmr10!
Missing character: There is no ^^c3 in font cmr10!
Missing character: There is no ^^a1 in font cmr10!
! Undefined control sequence.
l.28 \departamento
                  {DAINF - Departamento Acad^^c3^^aamico de Inform^^c3^^a1tica}
The control sequence at the end of the top line
of your error message was never \def'ed. If you have
misspelled it (e.g., `\hobx'), type `I' and the correct
spelling (e.g., `I\hbox'). Otherwise just continue,
and I'll forget about whatever was undefined.

Missing character: There is no ^^c3 in font cmr10!
Missing character: There is no ^^aa in font cmr10!
Missing character: There is no ^^c3 in font cmr10!
Missing character: There is no ^^a1 in font cmr10!
! Undefined control sequence.
l.29 \programa
              {Curso de Engenharia de Computa^^c3^^a7^^c3^^a3o}
The control sequence at the end of the top line
of your error message was never \def'ed. If you have
misspelled it (e.g., `\hobx'), type `I' and the correct
spelling (e.g., `I\hbox'). Otherwise just continue,
and I'll forget about whatever was undefined.

Missing character: There is no ^^c3 in font cmr10!
Missing character: There is no ^^a7 in font cmr10!
Missing character: There is no ^^c3 in font cmr10!
Missing character: There is no ^^a3 in font cmr10!
! Undefined control sequence.
l.30 \logoinstituicao
                     {0.5}{dados/figuras/logo-instituicao.png}
The control sequence at the end of the top line
of your error message was never \def'ed. If you have
misspelled it (e.g., `\hobx'), type `I' and the correct
spelling (e.g., `I\hbox'). Otherwise just continue,
and I'll forget about whatever was undefined.

! Undefined control sequence.
l.33 \orientador
                {Dr. Ives Ren^^c3^^aa Venturini Pola}
The control sequence at the end of the top line
of your error message was never \def'ed. If you have
misspelled it (e.g., `\hobx'), type `I' and the correct
spelling (e.g., `I\hbox'). Otherwise just continue,
and I'll forget about whatever was undefined.

Missing character: There is no ^^c3 in font cmr10!
Missing character: There is no ^^aa in font cmr10!
! Undefined control sequence.
l.35 \instOrientador
                    {}
The control sequence at the end of the top line
of your error message was never \def'ed. If you have
misspelled it (e.g., `\hobx'), type `I' and the correct
spelling (e.g., `I\hbox'). Otherwise just continue,
and I'll forget about whatever was undefined.

! Undefined control sequence.
l.37 \coorientador
                  {Dra. Fernanda Paula Barbosa Pola}
The control sequence at the end of the top line
of your error message was never \def'ed. If you have
misspelled it (e.g., `\hobx'), type `I' and the correct
spelling (e.g., `I\hbox'). Otherwise just continue,
and I'll forget about whatever was undefined.

! Undefined control sequence.
l.39 \instCoorientador
                      {}
The control sequence at the end of the top line
of your error message was never \def'ed. If you have
misspelled it (e.g., `\hobx'), type `I' and the correct
spelling (e.g., `I\hbox'). Otherwise just continue,
and I'll forget about whatever was undefined.

)
! Emergency stop.
<*> capa.tex
            
*** (job aborted, no legal \end found)

No pages of output.
