This is pdfTeX, Version 3.14159265-2.6-1.40.16 (TeX Live 2015/Debian) (preloaded format=pdflatex 2018.4.16)  23 NOV 2018 16:42
entering extended mode
 restricted \write18 enabled.
 %&-line parsing enabled.
**TCC_Matsui.tex
(./TCC_Matsui.tex
LaTeX2e <2016/02/01>
Babel <3.9q> and hyphenation patterns for 81 language(s) loaded.
(./configuracoes/utfpr-abntex2.cls
Document Class: configuracoes/utfpr-abntex2 2016/07/07 v1.0
(/usr/share/texlive/texmf-dist/tex/latex/abntex2/abntex2.cls
Document Class: abntex2 2016/02/26 v-1.9.6 abnTeX2
(/usr/share/texlive/texmf-dist/tex/latex/base/ifthen.sty
Package: ifthen 2014/09/29 v1.1c Standard LaTeX ifthen package (DPC)
)
(/usr/share/texlive/texmf-dist/tex/latex/memoir/memoir.cls
Document Class: memoir 2015/07/08 v3.7e configurable book, report, article docu
ment class
\onelineskip=\skip41
\lxvchars=\skip42
\xlvchars=\skip43
\@memcnta=\count79
\c@@memmarkcntra=\count80
(/usr/share/texlive/texmf-dist/tex/generic/oberdiek/ifpdf.sty
Package: ifpdf 2011/01/30 v2.3 Provides the ifpdf switch (HO)
Package ifpdf Info: pdfTeX in PDF mode is detected.
)
(/usr/share/texlive/texmf-dist/tex/latex/ifetex/ifetex.sty
Package: ifetex 2011/12/15 v1.2 ifetex

(/usr/share/texlive/texmf-dist/tex/plain/ifetex/ifetex.tex))
(/usr/share/texlive/texmf-dist/tex/generic/ifxetex/ifxetex.sty
Package: ifxetex 2010/09/12 v0.6 Provides ifxetex conditional
)
(/usr/share/texlive/texmf-dist/tex/generic/oberdiek/ifluatex.sty
Package: ifluatex 2010/03/01 v1.3 Provides the ifluatex switch (HO)
Package ifluatex Info: LuaTeX not detected.
)
\stockheight=\skip44
\stockwidth=\skip45
\trimtop=\skip46
\trimedge=\skip47

(/usr/share/texlive/texmf-dist/tex/latex/memoir/mem12.clo
File: mem12.clo 2010/10/19 v0.4b memoir class 12pt size option
)
\binding=\skip48
\spinemargin=\skip49
\foremargin=\skip50
\uppermargin=\skip51
\lowermargin=\skip52
\headdrop=\skip53
\normalrulethickness=\skip54
\mem@maxheadheight=\skip55
\mem@maxfootheight=\skip56
\headwidth=\skip57
\c@storedpagenumber=\count81
\memPD=\dimen102
\m@mabparskip=\skip58
\thanksmarkwidth=\skip59
\thanksmarksep=\skip60
\droptitle=\skip61
\c@book=\count82
\c@part=\count83
\c@chapter=\count84
\c@section=\count85
\c@subsection=\count86
\c@subsubsection=\count87
\c@paragraph=\count88
\c@subparagraph=\count89
\beforechapskip=\skip62
\midchapskip=\skip63
\afterchapskip=\skip64
\chapindent=\skip65
\bottomsectionskip=\skip66
\secindent=\skip67
\beforesecskip=\skip68
\aftersecskip=\skip69
\subsecindent=\skip70
\beforesubsecskip=\skip71
\aftersubsecskip=\skip72
\subsubsecindent=\skip73
\beforesubsubsecskip=\skip74
\aftersubsubsecskip=\skip75
\paraindent=\skip76
\beforeparaskip=\skip77
\afterparaskip=\skip78
\subparaindent=\skip79
\beforesubparaskip=\skip80
\aftersubparaskip=\skip81
\pfbreakskip=\skip82
\c@@ppsavesec=\count90
\c@@ppsaveapp=\count91
\ragrparindent=\dimen103
\everylistparindent=\dimen104
\parsepi=\skip83
\topsepi=\skip84
\itemsepi=\skip85
\parsepii=\skip86
\topsepii=\skip87
\topsepiii=\skip88
\itemsepii=\skip89
\itemsepiii=\skip90
\partopsepii=\skip91
\partopsepiii=\skip92
\m@msavetopsep=\skip93
\m@msavepartopsep=\skip94
\@enLab=\toks14
\abstitleskip=\skip95
\absleftindent=\skip96
\abs@leftindent=\dimen105
\absrightindent=\skip97
\absparindent=\skip98
\absparsep=\skip99
\c@vslineno=\count92
\c@poemline=\count93
\c@modulo@vs=\count94
\c@memfvsline=\count95
\vleftskip=\skip100
\vrightskip=\skip101
\stanzaskip=\skip102
\versewidth=\skip103
\vgap=\skip104
\vindent=\skip105
\vleftmargin=\dimen106
\c@verse=\count96
\c@chrsinstr=\count97
\beforepoemtitleskip=\skip106
\afterpoemtitleskip=\skip107
\c@poem=\count98
\beforePoemTitleskip=\skip108
\midPoemTitleskip=\skip109
\afterPoemTitleskip=\skip110
\col@sep=\dimen107
\extrarowheight=\dimen108
\NC@list=\toks15
\extratabsurround=\skip111
\backup@length=\skip112
\TX@col@width=\dimen109
\TX@old@table=\dimen110
\TX@old@col=\dimen111
\TX@target=\dimen112
\TX@delta=\dimen113
\TX@cols=\count99
\TX@ftn=\toks16
\heavyrulewidth=\dimen114
\lightrulewidth=\dimen115
\cmidrulewidth=\dimen116
\belowrulesep=\dimen117
\belowbottomsep=\dimen118
\aboverulesep=\dimen119
\abovetopsep=\dimen120
\cmidrulesep=\dimen121
\cmidrulekern=\dimen122
\defaultaddspace=\dimen123
\@cmidla=\count100
\@cmidlb=\count101
\@aboverulesep=\dimen124
\@belowrulesep=\dimen125
\@thisruleclass=\count102
\@lastruleclass=\count103
\@thisrulewidth=\dimen126
\ctableftskip=\skip113
\ctabrightskip=\skip114
\abovecolumnspenalty=\count104
\@linestogo=\count105
\@cellstogo=\count106
\@cellsincolumn=\count107
\crtok=\toks17
\@mincolumnwidth=\dimen127
\c@newflo@tctr=\count108
\mem@margin@floatbox=\box26
\@contcwidth=\skip115
\@contindw=\skip116
\abovecaptionskip=\skip117
\belowcaptionskip=\skip118
\subfloattopskip=\skip119
\subfloatcapskip=\skip120
\subfloatcaptopadj=\skip121
\subfloatbottomskip=\skip122
\subfloatlabelskip=\skip123
\subfloatcapmargin=\dimen128
\c@@contsubnum=\count109
\m@mscap@capbox=\box27
\m@mscap@fbox=\box28
\sidecapsep=\dimen129
\sidecapwidth=\dimen130
\m@m@tempdima=\dimen131
\m@mscapraise=\dimen132
\sidecapraise=\dimen133
\m@mscapmainwidth=\dimen134
\m@mscaplkern=\dimen135
\beforeepigraphskip=\skip124
\afterepigraphskip=\skip125
\epigraphwidth=\skip126
\epigraphrule=\skip127
LaTeX Info: Redefining \em on input line 7535.
LaTeX Info: Redefining \emph on input line 7543.
\tocentryskip=\skip128
\tocbaseline=\skip129
\cftparskip=\skip130
\cftbeforebookskip=\skip131
\cftbookindent=\dimen136
\cftbooknumwidth=\dimen137
\cftbeforepartskip=\skip132
\cftpartindent=\skip133
\cftpartnumwidth=\skip134
\cftbeforechapterskip=\skip135
\cftchapterindent=\skip136
\cftchapternumwidth=\skip137
\cftbeforesectionskip=\skip138
\cftsectionindent=\skip139
\cftsectionnumwidth=\skip140
\cftbeforesubsectionskip=\skip141
\cftsubsectionindent=\skip142
\cftsubsectionnumwidth=\skip143
\cftbeforesubsubsectionskip=\skip144
\cftsubsubsectionindent=\skip145
\cftsubsubsectionnumwidth=\skip146
\cftbeforeparagraphskip=\skip147
\cftparagraphindent=\skip148
\cftparagraphnumwidth=\skip149
\cftbeforesubparagraphskip=\skip150
\cftsubparagraphindent=\skip151
\cftsubparagraphnumwidth=\skip152
\prechapterprecisshift=\dimen138
\c@maxsecnumdepth=\count110
\bibindent=\dimen139
\bibitemsep=\skip153
\indexcolsep=\skip154
\indexrule=\skip155
\indexmarkstyle=\toks18
\@indexbox=\insert199
\glossarycolsep=\dimen140
\glossaryrule=\dimen141
\sideparvshift=\skip156
\sideins=\insert198
\sidebartopsep=\skip157
\sidebarhsep=\skip158
\sidebarvsep=\skip159
\sidebarwidth=\skip160
\footmarkwidth=\skip161
\footmarksep=\skip162
\footparindent=\skip163
\footinsdim=\skip164
\footinsv@r=\insert197
\@mpfootinsv@r=\insert196
\m@m@k=\count111
\m@m@h=\dimen142
\m@mipn@skip=\skip165
\sidefootins=\insert195
\sidefootadjust=\skip166
\sidefootheight=\skip167
\sidefoothsep=\skip168
\sidefootvsep=\skip169
\sidefootwidth=\skip170
\m@mdownsf=\skip171
\c@sidefootnote=\count112
\sidefootmarkwidth=\skip172
\sidefootmarksep=\skip173
\sidefootparindent=\skip174
\c@pagenote=\count113
\c@pagenoteshadow=\count114
\mem@pn@lastkern=\skip175
\every@verbatim=\toks19
\afterevery@verbatim=\toks20
\verbatim@line=\toks21
\tab@position=\count115
\verbatim@in@stream=\read1
\verbatimindent=\skip176
\verbatim@out=\write3
\bvboxsep=\skip177
\c@memfbvline=\count116
\c@bvlinectr=\count117
\bvnumlength=\skip178
\fb@frw=\dimen143
\fb@frh=\dimen144
\FrameRule=\dimen145
\FrameSep=\dimen146
\c@cp@cntr=\count118
LaTeX Info: Redefining \: on input line 12052.
LaTeX Info: Redefining \! on input line 12054.
\c@ism@mctr=\count119
\c@xsm@mctr=\count120
\c@csm@mctr=\count121
\c@ksm@mctr=\count122
\c@xksm@mctr=\count123
\c@cksm@mctr=\count124
\c@msm@mctr=\count125
\c@xmsm@mctr=\count126
\c@cmsm@mctr=\count127
\c@bsm@mctr=\count128
\c@workm@mctr=\count129
\c@sheetsequence=\count130
\c@lastsheet=\count131
\c@lastpage=\count132
\c@figure=\count133
\c@lofdepth=\count134
\cftbeforefigureskip=\skip179
\cftfigureindent=\skip180
\cftfigurenumwidth=\skip181
\c@table=\count135
\c@lotdepth=\count136
\cftbeforetableskip=\skip182
\cfttableindent=\skip183
\cfttablenumwidth=\skip184
Package abstract [2008/07/23] emulated by memoir.
Package appendix [2008/07/23] emulated by memoir.
Package array [2008/09/09] emulated by memoir.
Package booktabs [2008/07/23] emulated by memoir.
Package ccaption [2008/07/23] emulated by memoir.
Package changepage [2008/07/23] emulated by memoir.
Package chngcntr [2008/07/23] emulated by memoir.
Package chngpage [2008/07/23] emulated by memoir.
Package crop emulated by memoir.
Package dcolumn [2008/07/23] emulated by memoir.
Package delarray [2008/07/23] emulated by memoir.
Package enumerate [2008/07/23] emulated by memoir.
Package epigraph [2008/07/23] emulated by memoir.
Package ifmtarg [2008/07/23] emulated by memoir.
Package index [2008/07/23] emulated by memoir.
Package makeidx [2008/07/23] emulated by memoir.
Package moreverb [2008/07/23] emulated by memoir.
Package mparhack [2008/07/23] emulated by memoir.
Package needspace [2008/07/23] emulated by memoir.
Package newfile [2008/07/23] emulated by memoir.
Package nextpage [2008/07/23] emulated by memoir.
Package pagenote [2008/07/23] emulated by memoir.
Package parskip [2008/07/23] emulated by memoir.
Package patchcmd [2008/07/23] emulated by memoir.
Package setspace [2008/07/23] emulated by memoir.
Package shortvrb [2008/07/23] emulated by memoir.
Package showidx [2008/07/23] emulated by memoir.
Package tabularx [2008/07/23] emulated by memoir.
Package titleref [2008/07/23] emulated by memoir.
Package titling [2008/07/23] emulated by memoir.
Package tocbibind [2008/07/23] emulated by memoir.
Package tocloft [2008/07/23] emulated by memoir.
Package tocvsec2 [2008/07/23] emulated by memoir.
Package verbatim [2008/07/23] emulated by memoir.
Package verse [2008/07/23] emulated by memoir.

(/usr/share/texlive/texmf-dist/tex/latex/memoir/mempatch.sty
Package: mempatch 2009/07/24 v6.0f Patches for memoir class v1.6180339
))
(/usr/share/texlive/texmf-dist/tex/latex/textcase/textcase.sty
Package: textcase 2004/10/07 v0.07 Text only upper/lower case changing (DPC)
LaTeX Info: Redefining \MakeTextUppercase on input line 47.
LaTeX Info: Redefining \MakeTextLowercase on input line 50.
)
(/usr/share/texlive/texmf-dist/tex/latex/hyperref/hyperref.sty
Package: hyperref 2012/11/06 v6.83m Hypertext links for LaTeX

(/usr/share/texlive/texmf-dist/tex/generic/oberdiek/hobsub-hyperref.sty
Package: hobsub-hyperref 2012/05/28 v1.13 Bundle oberdiek, subset hyperref (HO)


(/usr/share/texlive/texmf-dist/tex/generic/oberdiek/hobsub-generic.sty
Package: hobsub-generic 2012/05/28 v1.13 Bundle oberdiek, subset generic (HO)
Package: hobsub 2012/05/28 v1.13 Construct package bundles (HO)
Package: infwarerr 2010/04/08 v1.3 Providing info/warning/error messages (HO)
Package: ltxcmds 2011/11/09 v1.22 LaTeX kernel commands for general use (HO)
Package hobsub Info: Skipping package `ifluatex' (already loaded).
Package: ifvtex 2010/03/01 v1.5 Detect VTeX and its facilities (HO)
Package ifvtex Info: VTeX not detected.
Package: intcalc 2007/09/27 v1.1 Expandable calculations with integers (HO)
Package hobsub Info: Skipping package `ifpdf' (already loaded).
Package: etexcmds 2011/02/16 v1.5 Avoid name clashes with e-TeX commands (HO)
Package etexcmds Info: Could not find \expanded.
(etexcmds)             That can mean that you are not using pdfTeX 1.50 or
(etexcmds)             that some package has redefined \expanded.
(etexcmds)             In the latter case, load this package earlier.
Package: kvsetkeys 2012/04/25 v1.16 Key value parser (HO)
Package: kvdefinekeys 2011/04/07 v1.3 Define keys (HO)
Package: pdftexcmds 2011/11/29 v0.20 Utility functions of pdfTeX for LuaTeX (HO
)
Package pdftexcmds Info: LuaTeX not detected.
Package pdftexcmds Info: \pdf@primitive is available.
Package pdftexcmds Info: \pdf@ifprimitive is available.
Package pdftexcmds Info: \pdfdraftmode found.
Package: pdfescape 2011/11/25 v1.13 Implements pdfTeX's escape features (HO)
Package: bigintcalc 2012/04/08 v1.3 Expandable calculations on big integers (HO
)
Package: bitset 2011/01/30 v1.1 Handle bit-vector datatype (HO)
Package: uniquecounter 2011/01/30 v1.2 Provide unlimited unique counter (HO)
)
Package hobsub Info: Skipping package `hobsub' (already loaded).
Package: letltxmacro 2010/09/02 v1.4 Let assignment for LaTeX macros (HO)
Package: hopatch 2012/05/28 v1.2 Wrapper for package hooks (HO)
Package: xcolor-patch 2011/01/30 xcolor patch
Package: atveryend 2011/06/30 v1.8 Hooks at the very end of document (HO)
Package atveryend Info: \enddocument detected (standard20110627).
Package: atbegshi 2011/10/05 v1.16 At begin shipout hook (HO)
Package: refcount 2011/10/16 v3.4 Data extraction from label references (HO)
Package: hycolor 2011/01/30 v1.7 Color options for hyperref/bookmark (HO)
)
(/usr/share/texlive/texmf-dist/tex/latex/graphics/keyval.sty
Package: keyval 2014/10/28 v1.15 key=value parser (DPC)
\KV@toks@=\toks22
)
(/usr/share/texlive/texmf-dist/tex/latex/oberdiek/auxhook.sty
Package: auxhook 2011/03/04 v1.3 Hooks for auxiliary files (HO)
)
(/usr/share/texlive/texmf-dist/tex/latex/oberdiek/kvoptions.sty
Package: kvoptions 2011/06/30 v3.11 Key value format for package options (HO)
)
\@linkdim=\dimen147
\Hy@linkcounter=\count137
\Hy@pagecounter=\count138

(/usr/share/texlive/texmf-dist/tex/latex/hyperref/pd1enc.def
File: pd1enc.def 2012/11/06 v6.83m Hyperref: PDFDocEncoding definition (HO)
)
\Hy@SavedSpaceFactor=\count139

(/usr/share/texlive/texmf-dist/tex/latex/latexconfig/hyperref.cfg
File: hyperref.cfg 2002/06/06 v1.2 hyperref configuration of TeXLive
)
Package hyperref Info: Hyper figures OFF on input line 4443.
Package hyperref Info: Link nesting OFF on input line 4448.
Package hyperref Info: Hyper index ON on input line 4451.
Package hyperref Info: Plain pages OFF on input line 4458.
Package hyperref Info: Backreferencing OFF on input line 4463.
Package hyperref Info: Implicit mode ON; LaTeX internals redefined.
Package hyperref Info: Bookmarks ON on input line 4688.
\c@Hy@tempcnt=\count140

(/usr/share/texlive/texmf-dist/tex/latex/url/url.sty
\Urlmuskip=\muskip10
Package: url 2013/09/16  ver 3.4  Verb mode for urls, etc.
)
LaTeX Info: Redefining \url on input line 5041.
\XeTeXLinkMargin=\dimen148
\Fld@menulength=\count141
\Field@Width=\dimen149
\Fld@charsize=\dimen150
Package hyperref Info: Hyper figures OFF on input line 6295.
Package hyperref Info: Link nesting OFF on input line 6300.
Package hyperref Info: Hyper index ON on input line 6303.
Package hyperref Info: backreferencing OFF on input line 6310.
Package hyperref Info: Link coloring OFF on input line 6315.
Package hyperref Info: Link coloring with OCG OFF on input line 6320.
Package hyperref Info: PDF/A mode OFF on input line 6325.
LaTeX Info: Redefining \ref on input line 6365.
LaTeX Info: Redefining \pageref on input line 6369.
\Hy@abspage=\count142
\c@Item=\count143
\c@Hfootnote=\count144
)
(/usr/share/texlive/texmf-dist/tex/latex/memoir/memhfixc.sty
Package: memhfixc 2013/05/30 v1.17 nameref/hyperref package fixes for memoir cl
ass
\c@memhycontfloat=\count145
\c@Hpagenote=\count146
)

Package hyperref Message: Driver (autodetected): hpdftex.

(/usr/share/texlive/texmf-dist/tex/latex/hyperref/hpdftex.def
File: hpdftex.def 2012/11/06 v6.83m Hyperref driver for pdfTeX
\Fld@listcount=\count147
\c@bookmark@seq@number=\count148

(/usr/share/texlive/texmf-dist/tex/latex/oberdiek/rerunfilecheck.sty
Package: rerunfilecheck 2011/04/15 v1.7 Rerun checks for auxiliary files (HO)
Package uniquecounter Info: New unique counter `rerunfilecheck' on input line 2
82.
)
\Hy@SectionHShift=\skip185
)
(/usr/share/texlive/texmf-dist/tex/latex/oberdiek/bookmark.sty
Package: bookmark 2011/12/02 v1.24 PDF bookmarks (HO)

(/usr/share/texlive/texmf-dist/tex/latex/oberdiek/bkm-pdftex.def
File: bkm-pdftex.def 2011/12/02 v1.24 bookmark driver for pdfTeX (HO)
\BKM@id=\count149
))
(/usr/share/texlive/texmf-dist/tex/generic/babel/babel.sty
Package: babel 2016/02/24 3.9q The Babel package

(/usr/share/texlive/texmf-dist/tex/generic/babel-portuges/portuges.ldf
Language: portuges 2008/03/18 v1.2q Portuguese support from the babel system

(/usr/share/texlive/texmf-dist/tex/generic/babel/babel.def
File: babel.def 2016/02/24 3.9q Babel common definitions
\babel@savecnt=\count150
\U@D=\dimen151
)
\l@brazil = a dialect from \language\l@portuges 
Package babel Info: Making " an active character on input line 145.
))
(/usr/share/texlive/texmf-dist/tex/latex/enumitem/enumitem.sty
Package: enumitem 2011/09/28 v3.5.2 Customized lists
\labelindent=\skip186
\enit@outerparindent=\dimen152
\enit@toks=\toks23
\enit@inbox=\box29
\enitdp@description=\count151
)
(/usr/share/texlive/texmf-dist/tex/latex/tools/calc.sty
Package: calc 2014/10/28 v4.3 Infix arithmetic (KKT,FJ)
\calc@Acount=\count152
\calc@Bcount=\count153
\calc@Adimen=\dimen153
\calc@Bdimen=\dimen154
\calc@Askip=\skip187
\calc@Bskip=\skip188
LaTeX Info: Redefining \setlength on input line 80.
LaTeX Info: Redefining \addtolength on input line 81.
\calc@Ccount=\count154
\calc@Cskip=\skip189
)

******************************************************
Stock height and width: 845.04684pt by 597.50787pt
Top and edge trims: 0pt and 0pt
Page height and width: 845.04684pt by 597.50787pt
Text height and width: 708pt by 455pt
Spine and edge margins: 85.35826pt and 56.9055pt
Upper and lower margins: 85.35826pt and 51.68858pt
Headheight and headsep: 14.5pt and 19.8738pt
Footskip: 30pt
Columnsep and columnseprule: 10pt and 0pt
Marginparsep and marginparwidth: 7pt and 42.9055pt
Sidecapsep and sidecapwidth: 7pt and 42pt
Sidebarhsep and sidebarwidth: 7pt and 42pt
Sidebarvsep and sidebartopsep: 14.5pt and 0pt
Sidebarheight: 590.14995pt
Sidefoothsep and sidefootwidth: 7pt and 42pt
Sidefootvsep and sidefootheight: 14.5pt and 590.14995pt
******************************************************

\c@abntex@bookmarkcounter=\count155
\cftlastnumwidth=\skip190
\chapternamenumlength=\skip191
\ABNTEXcitacaorecuo=\skip192
\c@alineasi=\count156
\c@alineasii=\count157
\enitdp@alineas=\count158
\c@subalineasi=\count159
\enitdp@subalineas=\count160
\c@incisosi=\count161
\enitdp@incisos=\count162
\ABNTEXsignwidth=\skip193
\ABNTEXsignthickness=\skip194
\ABNTEXsignskip=\skip256
) (/usr/share/texlive/texmf-dist/tex/latex/hyperref/backref.sty
Package: backref 2012/07/25 v1.38 Bibliographical back referencing
)
\c@quadro=\count163
\c@loqdepth=\count164
\cftbeforequadroskip=\skip257
\cftquadroindent=\skip258
\cftquadronumwidth=\skip259
)
\@input{configuracoes/pacotes.aux}
\openout2 = `configuracoes/pacotes.aux'.

(./configuracoes/pacotes.tex
(/usr/share/texlive/texmf-dist/tex/latex/abntex2/abntex2cite.sty
Package: abntex2cite 2016/02/26 v-1.9.6 abnTeX2

(/usr/share/texlive/texmf-dist/tex/latex/abntex2/abntex2abrev.sty)
\minimumbiblabelwidth=\skip260
\ABCIauxlen=\skip261
\c@ABCIaux=\count165
\c@ABCImax=\count166

(/usr/share/texlive/texmf-dist/tex/latex/relsize/relsize.sty
Package: relsize 2013/03/29 ver 4.1
)
\biblabelsep=\skip262
LaTeX Info: Redefining \newblock on input line 591.
LaTeX Info: Redefining \cite on input line 618.
\ABCItoken=\toks24
)
(/usr/share/texlive/texmf-dist/tex/latex/base/inputenc.sty
Package: inputenc 2015/03/17 v1.2c Input encoding file
\inpenc@prehook=\toks25
\inpenc@posthook=\toks26

(/usr/share/texlive/texmf-dist/tex/latex/base/utf8.def
File: utf8.def 2015/12/03 v1.1r UTF-8 support for inputenc
Now handling font encoding OML ...
... no UTF-8 mapping file for font encoding OML
Now handling font encoding T1 ...
... processing UTF-8 mapping file for font encoding T1

(/usr/share/texlive/texmf-dist/tex/latex/base/t1enc.dfu
File: t1enc.dfu 2015/12/03 v1.1r UTF-8 support for inputenc
   defining Unicode char U+00A0 (decimal 160)
   defining Unicode char U+00A1 (decimal 161)
   defining Unicode char U+00A3 (decimal 163)
   defining Unicode char U+00AB (decimal 171)
   defining Unicode char U+00AD (decimal 173)
   defining Unicode char U+00BB (decimal 187)
   defining Unicode char U+00BF (decimal 191)
   defining Unicode char U+00C0 (decimal 192)
   defining Unicode char U+00C1 (decimal 193)
   defining Unicode char U+00C2 (decimal 194)
   defining Unicode char U+00C3 (decimal 195)
   defining Unicode char U+00C4 (decimal 196)
   defining Unicode char U+00C5 (decimal 197)
   defining Unicode char U+00C6 (decimal 198)
   defining Unicode char U+00C7 (decimal 199)
   defining Unicode char U+00C8 (decimal 200)
   defining Unicode char U+00C9 (decimal 201)
   defining Unicode char U+00CA (decimal 202)
   defining Unicode char U+00CB (decimal 203)
   defining Unicode char U+00CC (decimal 204)
   defining Unicode char U+00CD (decimal 205)
   defining Unicode char U+00CE (decimal 206)
   defining Unicode char U+00CF (decimal 207)
   defining Unicode char U+00D0 (decimal 208)
   defining Unicode char U+00D1 (decimal 209)
   defining Unicode char U+00D2 (decimal 210)
   defining Unicode char U+00D3 (decimal 211)
   defining Unicode char U+00D4 (decimal 212)
   defining Unicode char U+00D5 (decimal 213)
   defining Unicode char U+00D6 (decimal 214)
   defining Unicode char U+00D8 (decimal 216)
   defining Unicode char U+00D9 (decimal 217)
   defining Unicode char U+00DA (decimal 218)
   defining Unicode char U+00DB (decimal 219)
   defining Unicode char U+00DC (decimal 220)
   defining Unicode char U+00DD (decimal 221)
   defining Unicode char U+00DE (decimal 222)
   defining Unicode char U+00DF (decimal 223)
   defining Unicode char U+00E0 (decimal 224)
   defining Unicode char U+00E1 (decimal 225)
   defining Unicode char U+00E2 (decimal 226)
   defining Unicode char U+00E3 (decimal 227)
   defining Unicode char U+00E4 (decimal 228)
   defining Unicode char U+00E5 (decimal 229)
   defining Unicode char U+00E6 (decimal 230)
   defining Unicode char U+00E7 (decimal 231)
   defining Unicode char U+00E8 (decimal 232)
   defining Unicode char U+00E9 (decimal 233)
   defining Unicode char U+00EA (decimal 234)
   defining Unicode char U+00EB (decimal 235)
   defining Unicode char U+00EC (decimal 236)
   defining Unicode char U+00ED (decimal 237)
   defining Unicode char U+00EE (decimal 238)
   defining Unicode char U+00EF (decimal 239)
   defining Unicode char U+00F0 (decimal 240)
   defining Unicode char U+00F1 (decimal 241)
   defining Unicode char U+00F2 (decimal 242)
   defining Unicode char U+00F3 (decimal 243)
   defining Unicode char U+00F4 (decimal 244)
   defining Unicode char U+00F5 (decimal 245)
   defining Unicode char U+00F6 (decimal 246)
   defining Unicode char U+00F8 (decimal 248)
   defining Unicode char U+00F9 (decimal 249)
   defining Unicode char U+00FA (decimal 250)
   defining Unicode char U+00FB (decimal 251)
   defining Unicode char U+00FC (decimal 252)
   defining Unicode char U+00FD (decimal 253)
   defining Unicode char U+00FE (decimal 254)
   defining Unicode char U+00FF (decimal 255)
   defining Unicode char U+0100 (decimal 256)
   defining Unicode char U+0101 (decimal 257)
   defining Unicode char U+0102 (decimal 258)
   defining Unicode char U+0103 (decimal 259)
   defining Unicode char U+0104 (decimal 260)
   defining Unicode char U+0105 (decimal 261)
   defining Unicode char U+0106 (decimal 262)
   defining Unicode char U+0107 (decimal 263)
   defining Unicode char U+0108 (decimal 264)
   defining Unicode char U+0109 (decimal 265)
   defining Unicode char U+010A (decimal 266)
   defining Unicode char U+010B (decimal 267)
   defining Unicode char U+010C (decimal 268)
   defining Unicode char U+010D (decimal 269)
   defining Unicode char U+010E (decimal 270)
   defining Unicode char U+010F (decimal 271)
   defining Unicode char U+0110 (decimal 272)
   defining Unicode char U+0111 (decimal 273)
   defining Unicode char U+0112 (decimal 274)
   defining Unicode char U+0113 (decimal 275)
   defining Unicode char U+0114 (decimal 276)
   defining Unicode char U+0115 (decimal 277)
   defining Unicode char U+0116 (decimal 278)
   defining Unicode char U+0117 (decimal 279)
   defining Unicode char U+0118 (decimal 280)
   defining Unicode char U+0119 (decimal 281)
   defining Unicode char U+011A (decimal 282)
   defining Unicode char U+011B (decimal 283)
   defining Unicode char U+011C (decimal 284)
   defining Unicode char U+011D (decimal 285)
   defining Unicode char U+011E (decimal 286)
   defining Unicode char U+011F (decimal 287)
   defining Unicode char U+0120 (decimal 288)
   defining Unicode char U+0121 (decimal 289)
   defining Unicode char U+0122 (decimal 290)
   defining Unicode char U+0123 (decimal 291)
   defining Unicode char U+0124 (decimal 292)
   defining Unicode char U+0125 (decimal 293)
   defining Unicode char U+0128 (decimal 296)
   defining Unicode char U+0129 (decimal 297)
   defining Unicode char U+012A (decimal 298)
   defining Unicode char U+012B (decimal 299)
   defining Unicode char U+012C (decimal 300)
   defining Unicode char U+012D (decimal 301)
   defining Unicode char U+012E (decimal 302)
   defining Unicode char U+012F (decimal 303)
   defining Unicode char U+0130 (decimal 304)
   defining Unicode char U+0131 (decimal 305)
   defining Unicode char U+0132 (decimal 306)
   defining Unicode char U+0133 (decimal 307)
   defining Unicode char U+0134 (decimal 308)
   defining Unicode char U+0135 (decimal 309)
   defining Unicode char U+0136 (decimal 310)
   defining Unicode char U+0137 (decimal 311)
   defining Unicode char U+0139 (decimal 313)
   defining Unicode char U+013A (decimal 314)
   defining Unicode char U+013B (decimal 315)
   defining Unicode char U+013C (decimal 316)
   defining Unicode char U+013D (decimal 317)
   defining Unicode char U+013E (decimal 318)
   defining Unicode char U+0141 (decimal 321)
   defining Unicode char U+0142 (decimal 322)
   defining Unicode char U+0143 (decimal 323)
   defining Unicode char U+0144 (decimal 324)
   defining Unicode char U+0145 (decimal 325)
   defining Unicode char U+0146 (decimal 326)
   defining Unicode char U+0147 (decimal 327)
   defining Unicode char U+0148 (decimal 328)
   defining Unicode char U+014A (decimal 330)
   defining Unicode char U+014B (decimal 331)
   defining Unicode char U+014C (decimal 332)
   defining Unicode char U+014D (decimal 333)
   defining Unicode char U+014E (decimal 334)
   defining Unicode char U+014F (decimal 335)
   defining Unicode char U+0150 (decimal 336)
   defining Unicode char U+0151 (decimal 337)
   defining Unicode char U+0152 (decimal 338)
   defining Unicode char U+0153 (decimal 339)
   defining Unicode char U+0154 (decimal 340)
   defining Unicode char U+0155 (decimal 341)
   defining Unicode char U+0156 (decimal 342)
   defining Unicode char U+0157 (decimal 343)
   defining Unicode char U+0158 (decimal 344)
   defining Unicode char U+0159 (decimal 345)
   defining Unicode char U+015A (decimal 346)
   defining Unicode char U+015B (decimal 347)
   defining Unicode char U+015C (decimal 348)
   defining Unicode char U+015D (decimal 349)
   defining Unicode char U+015E (decimal 350)
   defining Unicode char U+015F (decimal 351)
   defining Unicode char U+0160 (decimal 352)
   defining Unicode char U+0161 (decimal 353)
   defining Unicode char U+0162 (decimal 354)
   defining Unicode char U+0163 (decimal 355)
   defining Unicode char U+0164 (decimal 356)
   defining Unicode char U+0165 (decimal 357)
   defining Unicode char U+0168 (decimal 360)
   defining Unicode char U+0169 (decimal 361)
   defining Unicode char U+016A (decimal 362)
   defining Unicode char U+016B (decimal 363)
   defining Unicode char U+016C (decimal 364)
   defining Unicode char U+016D (decimal 365)
   defining Unicode char U+016E (decimal 366)
   defining Unicode char U+016F (decimal 367)
   defining Unicode char U+0170 (decimal 368)
   defining Unicode char U+0171 (decimal 369)
   defining Unicode char U+0172 (decimal 370)
   defining Unicode char U+0173 (decimal 371)
   defining Unicode char U+0174 (decimal 372)
   defining Unicode char U+0175 (decimal 373)
   defining Unicode char U+0176 (decimal 374)
   defining Unicode char U+0177 (decimal 375)
   defining Unicode char U+0178 (decimal 376)
   defining Unicode char U+0179 (decimal 377)
   defining Unicode char U+017A (decimal 378)
   defining Unicode char U+017B (decimal 379)
   defining Unicode char U+017C (decimal 380)
   defining Unicode char U+017D (decimal 381)
   defining Unicode char U+017E (decimal 382)
   defining Unicode char U+01CD (decimal 461)
   defining Unicode char U+01CE (decimal 462)
   defining Unicode char U+01CF (decimal 463)
   defining Unicode char U+01D0 (decimal 464)
   defining Unicode char U+01D1 (decimal 465)
   defining Unicode char U+01D2 (decimal 466)
   defining Unicode char U+01D3 (decimal 467)
   defining Unicode char U+01D4 (decimal 468)
   defining Unicode char U+01E2 (decimal 482)
   defining Unicode char U+01E3 (decimal 483)
   defining Unicode char U+01E6 (decimal 486)
   defining Unicode char U+01E7 (decimal 487)
   defining Unicode char U+01E8 (decimal 488)
   defining Unicode char U+01E9 (decimal 489)
   defining Unicode char U+01EA (decimal 490)
   defining Unicode char U+01EB (decimal 491)
   defining Unicode char U+01F0 (decimal 496)
   defining Unicode char U+01F4 (decimal 500)
   defining Unicode char U+01F5 (decimal 501)
   defining Unicode char U+0218 (decimal 536)
   defining Unicode char U+0219 (decimal 537)
   defining Unicode char U+021A (decimal 538)
   defining Unicode char U+021B (decimal 539)
   defining Unicode char U+01E02 (decimal 7682)
   defining Unicode char U+01E03 (decimal 7683)
   defining Unicode char U+200C (decimal 8204)
   defining Unicode char U+2013 (decimal 8211)
   defining Unicode char U+2014 (decimal 8212)
   defining Unicode char U+2018 (decimal 8216)
   defining Unicode char U+2019 (decimal 8217)
   defining Unicode char U+201A (decimal 8218)
   defining Unicode char U+201C (decimal 8220)
   defining Unicode char U+201D (decimal 8221)
   defining Unicode char U+201E (decimal 8222)
   defining Unicode char U+2030 (decimal 8240)
   defining Unicode char U+2031 (decimal 8241)
   defining Unicode char U+2039 (decimal 8249)
   defining Unicode char U+203A (decimal 8250)
   defining Unicode char U+2423 (decimal 9251)
)
Now handling font encoding OT1 ...
... processing UTF-8 mapping file for font encoding OT1

(/usr/share/texlive/texmf-dist/tex/latex/base/ot1enc.dfu
File: ot1enc.dfu 2015/12/03 v1.1r UTF-8 support for inputenc
   defining Unicode char U+00A0 (decimal 160)
   defining Unicode char U+00A1 (decimal 161)
   defining Unicode char U+00A3 (decimal 163)
   defining Unicode char U+00AD (decimal 173)
   defining Unicode char U+00B8 (decimal 184)
   defining Unicode char U+00BF (decimal 191)
   defining Unicode char U+00C5 (decimal 197)
   defining Unicode char U+00C6 (decimal 198)
   defining Unicode char U+00D8 (decimal 216)
   defining Unicode char U+00DF (decimal 223)
   defining Unicode char U+00E6 (decimal 230)
   defining Unicode char U+00EC (decimal 236)
   defining Unicode char U+00ED (decimal 237)
   defining Unicode char U+00EE (decimal 238)
   defining Unicode char U+00EF (decimal 239)
   defining Unicode char U+00F8 (decimal 248)
   defining Unicode char U+0131 (decimal 305)
   defining Unicode char U+0141 (decimal 321)
   defining Unicode char U+0142 (decimal 322)
   defining Unicode char U+0152 (decimal 338)
   defining Unicode char U+0153 (decimal 339)
   defining Unicode char U+0174 (decimal 372)
   defining Unicode char U+0175 (decimal 373)
   defining Unicode char U+0176 (decimal 374)
   defining Unicode char U+0177 (decimal 375)
   defining Unicode char U+0218 (decimal 536)
   defining Unicode char U+0219 (decimal 537)
   defining Unicode char U+021A (decimal 538)
   defining Unicode char U+021B (decimal 539)
   defining Unicode char U+2013 (decimal 8211)
   defining Unicode char U+2014 (decimal 8212)
   defining Unicode char U+2018 (decimal 8216)
   defining Unicode char U+2019 (decimal 8217)
   defining Unicode char U+201C (decimal 8220)
   defining Unicode char U+201D (decimal 8221)
)
Now handling font encoding OMS ...
... processing UTF-8 mapping file for font encoding OMS

(/usr/share/texlive/texmf-dist/tex/latex/base/omsenc.dfu
File: omsenc.dfu 2015/12/03 v1.1r UTF-8 support for inputenc
   defining Unicode char U+00A7 (decimal 167)
   defining Unicode char U+00B6 (decimal 182)
   defining Unicode char U+00B7 (decimal 183)
   defining Unicode char U+2020 (decimal 8224)
   defining Unicode char U+2021 (decimal 8225)
   defining Unicode char U+2022 (decimal 8226)
)
Now handling font encoding OMX ...
... no UTF-8 mapping file for font encoding OMX
Now handling font encoding U ...
... no UTF-8 mapping file for font encoding U
Now handling font encoding PD1 ...
... no UTF-8 mapping file for font encoding PD1
   defining Unicode char U+00A9 (decimal 169)
   defining Unicode char U+00AA (decimal 170)
   defining Unicode char U+00AE (decimal 174)
   defining Unicode char U+00BA (decimal 186)
   defining Unicode char U+02C6 (decimal 710)
   defining Unicode char U+02DC (decimal 732)
   defining Unicode char U+200C (decimal 8204)
   defining Unicode char U+2026 (decimal 8230)
   defining Unicode char U+2122 (decimal 8482)
   defining Unicode char U+2423 (decimal 9251)
))
(/usr/share/texlive/texmf-dist/tex/latex/base/fontenc.sty
Package: fontenc 2005/09/27 v1.99g Standard LaTeX package

(/usr/share/texlive/texmf-dist/tex/latex/base/t1enc.def
File: t1enc.def 2005/09/27 v1.99g Standard LaTeX file
LaTeX Font Info:    Redeclaring font encoding T1 on input line 48.
))
(/usr/share/texlive/texmf-dist/tex/latex/graphics/color.sty
Package: color 2016/01/03 v1.1b Standard LaTeX Color (DPC)

(/usr/share/texlive/texmf-dist/tex/latex/latexconfig/color.cfg
File: color.cfg 2007/01/18 v1.5 color configuration of teTeX/TeXLive
)
Package color Info: Driver file: pdftex.def on input line 143.

(/usr/share/texlive/texmf-dist/tex/latex/pdftex-def/pdftex.def
File: pdftex.def 2011/05/27 v0.06d Graphics/color for pdfTeX
\Gread@gobject=\count167
))
(/usr/share/texlive/texmf-dist/tex/latex/colortbl/colortbl.sty
Package: colortbl 2012/02/13 v1.0a Color table columns (DPC)
\everycr=\toks27
\minrowclearance=\skip263
)
(/usr/share/texlive/texmf-dist/tex/latex/float/float.sty
Package: float 2001/11/08 v1.3d Float enhancements (AL)
\c@float@type=\count168
\float@exts=\toks28
\float@box=\box30
\@float@everytoks=\toks29
\@floatcapt=\box31
)
(/usr/share/texlive/texmf-dist/tex/latex/graphics/graphicx.sty
Package: graphicx 2014/10/28 v1.0g Enhanced LaTeX Graphics (DPC,SPQR)

(/usr/share/texlive/texmf-dist/tex/latex/graphics/graphics.sty
Package: graphics 2016/01/03 v1.0q Standard LaTeX Graphics (DPC,SPQR)

(/usr/share/texlive/texmf-dist/tex/latex/graphics/trig.sty
Package: trig 2016/01/03 v1.10 sin cos tan (DPC)
)
(/usr/share/texlive/texmf-dist/tex/latex/latexconfig/graphics.cfg
File: graphics.cfg 2010/04/23 v1.9 graphics configuration of TeX Live
)
Package graphics Info: Driver file: pdftex.def on input line 95.
)
\Gin@req@height=\dimen155
\Gin@req@width=\dimen156
)
(/usr/share/texlive/texmf-dist/tex/latex/was/icomma.sty
Package: icomma 2002/03/10 v2.0 (WaS)
)
(/usr/share/texlive/texmf-dist/tex/latex/tools/indentfirst.sty
Package: indentfirst 1995/11/23 v1.03 Indent first paragraph (DPC)
)
(/usr/share/texlive/texmf-dist/tex/latex/microtype/microtype.sty
Package: microtype 2013/05/23 v2.5a Micro-typographical refinements (RS)
\MT@toks=\toks30
\MT@count=\count169
LaTeX Info: Redefining \textls on input line 766.
\MT@outer@kern=\dimen157
LaTeX Info: Redefining \textmicrotypecontext on input line 1285.
\MT@listname@count=\count170

(/usr/share/texlive/texmf-dist/tex/latex/microtype/microtype-pdftex.def
File: microtype-pdftex.def 2013/05/23 v2.5a Definitions specific to pdftex (RS)

LaTeX Info: Redefining \lsstyle on input line 915.
LaTeX Info: Redefining \lslig on input line 915.
\MT@outer@space=\skip264
)
Package microtype Info: Loading configuration file microtype.cfg.

(/usr/share/texlive/texmf-dist/tex/latex/microtype/microtype.cfg
File: microtype.cfg 2013/05/23 v2.5a microtype main configuration file (RS)
))
(/usr/share/texlive/texmf-dist/tex/latex/multirow/multirow.sty
\bigstrutjot=\dimen158
)
(/usr/share/texlive/texmf-dist/tex/latex/subeqnarray/subeqnarray.sty
Package: subeqnarray 2004/04/15 v2.1c subeqnarray package
\c@subequation=\count171
)
(/usr/share/texlive/texmf-dist/tex/latex/lastpage/lastpage.sty
Package: lastpage 2015/03/29 v1.2m Refers to last page's name (HMM; JPG)
)
(/usr/share/texlive/texmf-dist/tex/latex/amsfonts/amsfonts.sty
Package: amsfonts 2013/01/14 v3.01 Basic AMSFonts support
\@emptytoks=\toks31
\symAMSa=\mathgroup4
\symAMSb=\mathgroup5
LaTeX Font Info:    Overwriting math alphabet `\mathfrak' in version `bold'
(Font)                  U/euf/m/n --> U/euf/b/n on input line 106.
)
(/usr/share/texlive/texmf-dist/tex/latex/amsfonts/amssymb.sty
Package: amssymb 2013/01/14 v3.01 AMS font symbols
)
(/usr/share/texlive/texmf-dist/tex/latex/amsmath/amsmath.sty
Package: amsmath 2016/03/03 v2.15a AMS math features
\@mathmargin=\skip265

For additional information on amsmath, use the `?' option.
(/usr/share/texlive/texmf-dist/tex/latex/amsmath/amstext.sty
Package: amstext 2000/06/29 v2.01 AMS text

(/usr/share/texlive/texmf-dist/tex/latex/amsmath/amsgen.sty
File: amsgen.sty 1999/11/30 v2.0 generic functions
\@emptytoks=\toks32
\ex@=\dimen159
))
(/usr/share/texlive/texmf-dist/tex/latex/amsmath/amsbsy.sty
Package: amsbsy 1999/11/29 v1.2d Bold Symbols
\pmbraise@=\dimen160
)
(/usr/share/texlive/texmf-dist/tex/latex/amsmath/amsopn.sty
Package: amsopn 1999/12/14 v2.01 operator names
)
\inf@bad=\count172
LaTeX Info: Redefining \frac on input line 199.
\uproot@=\count173
\leftroot@=\count174
LaTeX Info: Redefining \overline on input line 297.
\classnum@=\count175
\DOTSCASE@=\count176
LaTeX Info: Redefining \ldots on input line 394.
LaTeX Info: Redefining \dots on input line 397.
LaTeX Info: Redefining \cdots on input line 518.
\Mathstrutbox@=\box32
\strutbox@=\box33
\big@size=\dimen161
LaTeX Font Info:    Redeclaring font encoding OML on input line 630.
LaTeX Font Info:    Redeclaring font encoding OMS on input line 631.
\macc@depth=\count177
\c@MaxMatrixCols=\count178
\dotsspace@=\muskip11
\c@parentequation=\count179
\dspbrk@lvl=\count180
\tag@help=\toks33
\row@=\count181
\column@=\count182
\maxfields@=\count183
\andhelp@=\toks34
\eqnshift@=\dimen162
\alignsep@=\dimen163
\tagshift@=\dimen164
\tagwidth@=\dimen165
\totwidth@=\dimen166
\lineht@=\dimen167
\@envbody=\toks35
\multlinegap=\skip266
\multlinetaggap=\skip267
\mathdisplay@stack=\toks36
LaTeX Info: Redefining \[ on input line 2735.
LaTeX Info: Redefining \] on input line 2736.
)
(/usr/share/texlive/texmf-dist/tex/latex/algorithm2e/algorithm2e.sty
Package: algorithm2e 2013/01/06 v5.00 algorithms environments
\c@AlgoLine=\count184
\algocf@hangindent=\skip268

(/usr/share/texlive/texmf-dist/tex/latex/tools/xspace.sty
Package: xspace 2014/10/28 v1.13 Space after command names (DPC,MH)
)
********************************************************
Package `algorithm2e' Release 5.1 -- october 19 2015 --
- algorithm2e-announce@lirmm.fr mailing list for announcement about releases
- algorithm2e-discussion@lirmm.fr mailing list for discussion about package
subscribe by emailing sympa@lirmm.fr with 'subscribe <list> <firstname name>'
- Author: Christophe Fiorio (christophe.fiorio@umontpellier.fr)
********************************************************
\skiptotal=\skip269
\skiplinenumber=\skip270
\skiprule=\skip271
\skiphlne=\skip272
\skiptext=\skip273
\skiplength=\skip274
\algomargin=\skip275
\skipalgocfslide=\skip276
\algowidth=\dimen168
\inoutsize=\dimen169
\inoutindent=\dimen170
\interspacetitleruled=\dimen171
\interspacealgoruled=\dimen172
\interspacetitleboxruled=\dimen173
\algocf@ruledwidth=\skip277
\algocf@inoutbox=\box34
\algocf@inputbox=\box35
\AlCapSkip=\skip278
\AlCapHSkip=\skip279
\algoskipindent=\skip280
\algocf@nlbox=\box36
\algocf@hangingbox=\box37
\algocf@untilbox=\box38
\algocf@skipuntil=\skip281
\algocf@capbox=\box39
\algoheightruledefault=\skip282
\algoheightrule=\skip283
\algotitleheightruledefault=\skip284
\algotitleheightrule=\skip285
\c@algocfline=\count185
\c@algocfproc=\count186
\c@algocf=\count187
\algocf@algoframe=\box40
\algocf@algobox=\box41
) (/usr/share/texlive/texmf-dist/tex/latex/psnfss/times.sty
Package: times 2005/04/12 PSNFSS-v9.2a (SPQR) 
)
(/usr/share/texlive/texmf-dist/tex/latex/footmisc/footmisc.sty
Package: footmisc 2011/06/06 v5.5b a miscellany of footnote facilities
\FN@temptoken=\toks37
\footnotemargin=\dimen174


LaTeX Warning: Command \@makecol  has changed.
               Check if current package is valid.

\c@pp@next@reset=\count188
Package footmisc Info: Declaring symbol style bringhurst on input line 855.
Package footmisc Info: Declaring symbol style chicago on input line 863.
Package footmisc Info: Declaring symbol style wiley on input line 872.
Package footmisc Info: Declaring symbol style lamport-robust on input line 883.

Package footmisc Info: Declaring symbol style lamport* on input line 903.
Package footmisc Info: Declaring symbol style lamport*-robust on input line 924
.
) (/usr/share/texlive/texmf-dist/tex/latex/ae/ae.sty
Package: ae 2001/02/12 1.3 Almost European Computer Modern

(/usr/share/texlive/texmf-dist/tex/latex/base/fontenc.sty
Package: fontenc 2005/09/27 v1.99g Standard LaTeX package

(/usr/share/texlive/texmf-dist/tex/latex/base/t1enc.def
File: t1enc.def 2005/09/27 v1.99g Standard LaTeX file
LaTeX Font Info:    Redeclaring font encoding T1 on input line 48.
)
LaTeX Font Info:    Try loading font information for T1+aer on input line 105.

(/usr/share/texlive/texmf-dist/tex/latex/ae/t1aer.fd
File: t1aer.fd 1997/11/16 Font definitions for T1/aer.
)))
(/usr/share/texlive/texmf-dist/tex/latex/ae/aecompl.sty
Package: aecompl 1998/07/23 0.9 T1 Complements for AE fonts (D. Roegel)
)
(/usr/share/texlive/texmf-dist/tex/latex/base/latexsym.sty
Package: latexsym 1998/08/17 v2.2e Standard LaTeX package (lasy symbols)
\symlasy=\mathgroup6
LaTeX Font Info:    Overwriting symbol font `lasy' in version `bold'
(Font)                  U/lasy/m/n --> U/lasy/b/n on input line 52.
)
(/usr/share/texlive/texmf-dist/tex/latex/graphics/lscape.sty
Package: lscape 2000/10/22 v3.01 Landscape Pages (DPC)
)
(/usr/share/texlive/texmf-dist/tex/latex/jknapltx/mathrsfs.sty
Package: mathrsfs 1996/01/01 Math RSFS package v1.0 (jk)
\symrsfs=\mathgroup7
)
(/usr/share/texlive/texmf-dist/tex/latex/listings/listings.sty
\lst@mode=\count189
\lst@gtempboxa=\box42
\lst@token=\toks38
\lst@length=\count190
\lst@currlwidth=\dimen175
\lst@column=\count191
\lst@pos=\count192
\lst@lostspace=\dimen176
\lst@width=\dimen177
\lst@newlines=\count193
\lst@lineno=\count194
\lst@maxwidth=\dimen178

(/usr/share/texlive/texmf-dist/tex/latex/listings/lstmisc.sty
File: lstmisc.sty 2015/06/04 1.6 (Carsten Heinz)
\c@lstnumber=\count266
\lst@skipnumbers=\count267
\lst@framebox=\box43
)
(/usr/share/texlive/texmf-dist/tex/latex/listings/listings.cfg
File: listings.cfg 2015/06/04 1.6 listings configuration
))
Package: listings 2015/06/04 1.6 (Carsten Heinz)

(/usr/share/texlive/texmf-dist/tex/latex/xcolor/xcolor.sty
Package: xcolor 2007/01/21 v2.11 LaTeX color extensions (UK)

(/usr/share/texlive/texmf-dist/tex/latex/latexconfig/color.cfg
File: color.cfg 2007/01/18 v1.5 color configuration of teTeX/TeXLive
)
Package xcolor Info: Driver file: pdftex.def on input line 225.
LaTeX Info: Redefining \color on input line 702.
Package xcolor Info: Model `cmy' substituted by `cmy0' on input line 1337.
Package xcolor Info: Model `hsb' substituted by `rgb' on input line 1341.
Package xcolor Info: Model `RGB' extended on input line 1353.
Package xcolor Info: Model `HTML' substituted by `rgb' on input line 1355.
Package xcolor Info: Model `Hsb' substituted by `hsb' on input line 1356.
Package xcolor Info: Model `tHsb' substituted by `hsb' on input line 1357.
Package xcolor Info: Model `HSB' substituted by `hsb' on input line 1358.
Package xcolor Info: Model `Gray' substituted by `gray' on input line 1359.
Package xcolor Info: Model `wave' substituted by `hsb' on input line 1360.
)
\@float@every@lstfloat=\toks39
\c@lstfloat=\count268

(/usr/share/texlive/texmf-dist/tex/latex/amscls/amsthm.sty
Package: amsthm 2015/03/04 v2.20.2
\thm@style=\toks40
\thm@bodyfont=\toks41
\thm@headfont=\toks42
\thm@notefont=\toks43
\thm@headpunct=\toks44
\thm@preskip=\skip286
\thm@postskip=\skip287
\thm@headsep=\skip288
\dth@everypar=\toks45
)
(/usr/share/texlive/texmf-dist/tex/latex/base/exscale.sty
Package: exscale 2014/09/29 v2.1h Standard LaTeX package exscale
LaTeX Font Info:    Redeclaring symbol font `largesymbols' on input line 57.
LaTeX Font Info:    Overwriting symbol font `largesymbols' in version `normal'
(Font)                  OMX/cmex/m/n --> OMX/cmex/m/n on input line 57.
LaTeX Font Info:    Overwriting symbol font `largesymbols' in version `bold'
(Font)                  OMX/cmex/m/n --> OMX/cmex/m/n on input line 57.
\big@size=\dimen179
)
(/usr/share/texlive/texmf-dist/tex/latex/oberdiek/listingsutf8.sty
Package: listingsutf8 2011/11/10 v1.2 Allow UTF-8 in listings input (HO)

(/usr/share/texlive/texmf-dist/tex/generic/oberdiek/stringenc.sty
Package: stringenc 2011/12/02 v1.10 Convert strings between diff. encodings (HO
)
))
(/usr/share/texlive/texmf-dist/tex/latex/ncctools/extdash.sty
Package: extdash 2005/01/29 v1.2 Extended Dash Package (NCC)
)
(/usr/share/texlive/texmf-dist/tex/generic/ulem/ulem.sty
\UL@box=\box44
\UL@hyphenbox=\box45
\UL@skip=\skip289
\UL@hook=\toks46
\UL@height=\dimen180
\UL@pe=\count269
\UL@pixel=\dimen181
\ULC@box=\box46
Package: ulem 2012/05/18
\ULdepth=\dimen182
)
(/usr/share/texlive/texmf-dist/tex/latex/listings/lstlang1.sty
File: lstlang1.sty 2015/06/04 1.6 listings language file
)
\c@mydef=\count270
)
(/usr/share/texlive/texmf-dist/tex/latex/subfig/subfig.sty
Package: subfig 2005/06/28 ver: 1.3 subfig package

(/usr/share/texlive/texmf-dist/tex/latex/caption/caption3.sty
Package: caption3 2016/02/04 v1.7-139 caption3 kernel (AR)
Package caption3 Info: TeX engine: e-TeX on input line 67.
\captionmargin=\dimen183
\captionmargin@=\dimen184
\captionwidth=\dimen185
\caption@tempdima=\dimen186
\caption@indent=\dimen187
\caption@parindent=\dimen188
\caption@hangindent=\dimen189
Package caption Info: Unknown document class (or package),
(caption)             standard defaults will be used.
)
\c@KVtest=\count271
\sf@farskip=\skip290
\sf@captopadj=\dimen190
\sf@capskip=\skip291
\sf@nearskip=\skip292
\c@subfigure=\count272
\c@subfigure@save=\count273
\c@subtable=\count274
\c@subtable@save=\count275
\sf@top=\skip293
\sf@bottom=\skip294
)
\@input{configuracoes/configuracoes-pdf.aux}
\openout2 = `configuracoes/configuracoes-pdf.aux'.

(./configuracoes/configuracoes-pdf.tex
Package hyperref Info: Option `colorlinks' set `true' on input line 14.
Package hyperref Info: Option `breaklinks' set `true' on input line 14.
\TCC_Matsui@idxfile=\write4
\openout4 = `TCC_Matsui.idx'.


Writing index file TCC_Matsui.idx 
)
\@input{estrutura/pre-textuais/capa.aux}
\openout2 = `estrutura/pre-textuais/capa.aux'.

(./estrutura/pre-textuais/capa.tex)
\@input{estrutura/pre-textuais/folha-rosto.aux}
\openout2 = `estrutura/pre-textuais/folha-rosto.aux'.

(./estrutura/pre-textuais/folha-rosto.tex) (./TCC_Matsui.aux
(./estrutura/pre-textuais/epigrafe.aux) (./estrutura/pre-textuais/resumo.aux)
(./estrutura/pre-textuais/abstract.aux)
(./estrutura/pre-textuais/listas/listas-ilustracoes/lista-figuras.aux)
(./estrutura/pre-textuais/listas/lista-tabelas.aux)
(./estrutura/pre-textuais/listas/lista-siglas.aux)
(./estrutura/pre-textuais/listas/lista-simbolos.aux)
(./estrutura/pre-textuais/listas/listas-diversas/lista-algoritmos.aux)
(./estrutura/pre-textuais/sumario.aux) (./estrutura/textuais/introducao.aux

LaTeX Warning: Label `eq:knnq' multiply defined.

) (./estrutura/textuais/desenvolvimento/conceitos.aux)
(./estrutura/textuais/desenvolvimento/OMNI.aux)
(./estrutura/textuais/desenvolvimento/resultados.aux)
(./estrutura/textuais/conclusao.aux) (./estrutura/pos-textuais/referencias.aux)
(./estrutura/pos-textuais/apendices.aux))
\openout1 = `TCC_Matsui.aux'.

LaTeX Font Info:    Checking defaults for OML/cmm/m/it on input line 34.
LaTeX Font Info:    ... okay on input line 34.
LaTeX Font Info:    Checking defaults for T1/cmr/m/n on input line 34.
LaTeX Font Info:    ... okay on input line 34.
LaTeX Font Info:    Checking defaults for OT1/cmr/m/n on input line 34.
LaTeX Font Info:    ... okay on input line 34.
LaTeX Font Info:    Checking defaults for OMS/cmsy/m/n on input line 34.
LaTeX Font Info:    ... okay on input line 34.
LaTeX Font Info:    Checking defaults for OMX/cmex/m/n on input line 34.
LaTeX Font Info:    ... okay on input line 34.
LaTeX Font Info:    Checking defaults for U/cmr/m/n on input line 34.
LaTeX Font Info:    ... okay on input line 34.
LaTeX Font Info:    Checking defaults for PD1/pdf/m/n on input line 34.
LaTeX Font Info:    ... okay on input line 34.
LaTeX Font Info:    Try loading font information for T1+aess on input line 34.

(/usr/share/texlive/texmf-dist/tex/latex/ae/t1aess.fd
File: t1aess.fd 1997/11/16 Font definitions for T1/aess.
)
\AtBeginShipoutBox=\box47
Package hyperref Info: Link coloring ON on input line 34.

(/usr/share/texlive/texmf-dist/tex/latex/hyperref/nameref.sty
Package: nameref 2012/10/27 v2.43 Cross-referencing by name of section

(/usr/share/texlive/texmf-dist/tex/generic/oberdiek/gettitlestring.sty
Package: gettitlestring 2010/12/03 v1.4 Cleanup title references (HO)
)
\c@section@level=\count276
)
Redoing nameref's sectioning
Redoing nameref's label
LaTeX Info: Redefining \nameref on input line 34.
LaTeX Info: Redefining \ref on input line 34.
LaTeX Info: Redefining \pageref on input line 34.
LaTeX Info: Redefining \nameref on input line 34.
\myptabbox=\box48
\myptabboxwidth=\skip295
(/usr/share/texlive/texmf-dist/tex/context/base/supp-pdf.mkii
[Loading MPS to PDF converter (version 2006.09.02).]
\scratchcounter=\count277
\scratchdimen=\dimen191
\scratchbox=\box49
\nofMPsegments=\count278
\nofMParguments=\count279
\everyMPshowfont=\toks47
\MPscratchCnt=\count280
\MPscratchDim=\dimen192
\MPnumerator=\count281
\makeMPintoPDFobject=\count282
\everyMPtoPDFconversion=\toks48
) (/usr/share/texlive/texmf-dist/tex/latex/oberdiek/epstopdf-base.sty
Package: epstopdf-base 2010/02/09 v2.5 Base part for package epstopdf

(/usr/share/texlive/texmf-dist/tex/latex/oberdiek/grfext.sty
Package: grfext 2010/08/19 v1.1 Manage graphics extensions (HO)
)
Package grfext Info: Graphics extension search list:
(grfext)             [.png,.pdf,.jpg,.mps,.jpeg,.jbig2,.jb2,.PNG,.PDF,.JPG,.JPE
G,.JBIG2,.JB2,.eps]
(grfext)             \AppendGraphicsExtensions on input line 452.

(/usr/share/texlive/texmf-dist/tex/latex/latexconfig/epstopdf-sys.cfg
File: epstopdf-sys.cfg 2010/07/13 v1.3 Configuration of (r)epstopdf for TeX Liv
e
))
LaTeX Info: Redefining \microtypecontext on input line 34.
Package microtype Info: Generating PDF output.
Package microtype Info: Character protrusion enabled (level 2).
Package microtype Info: Using default protrusion set `alltext'.
Package microtype Info: Automatic font expansion enabled (level 2),
(microtype)             stretch: 20, shrink: 20, step: 1, non-selected.
Package microtype Info: Using default expansion set `basictext'.
Package microtype Info: No adjustment of tracking.
Package microtype Info: No adjustment of interword spacing.
Package microtype Info: No adjustment of character kerning.
Package microtype Info: Loading generic settings for font family
(microtype)             `aess' (encoding: T1).
(microtype)             For optimal results, create family-specific settings.
(microtype)             See the microtype manual for details.
Package lastpage Info: Please have a look at the pageslts package at
(lastpage)             https://www.ctan.org/pkg/pageslts
(lastpage)             ! on input line 34.
\c@lstlisting=\count283
Package caption Info: Begin \AtBeginDocument code.
Package caption Info: subfig package v1.3 is loaded.
Package caption Info: End \AtBeginDocument code.

[1









{/var/lib/texmf/fonts/map/pdftex/updmap/pdftex.map}]
(/usr/share/texlive/texmf-dist/tex/latex/microtype/mt-cmr.cfg
File: mt-cmr.cfg 2013/05/19 v2.2 microtype config. file: Computer Modern Roman 
(RS)
)
LaTeX Font Info:    External font `cmex7' loaded for size
(Font)              <6> on input line 39.
LaTeX Font Info:    Try loading font information for U+msa on input line 39.

(/usr/share/texlive/texmf-dist/tex/latex/amsfonts/umsa.fd
File: umsa.fd 2013/01/14 v3.01 AMS symbols A
)
(/usr/share/texlive/texmf-dist/tex/latex/microtype/mt-msa.cfg
File: mt-msa.cfg 2006/02/04 v1.1 microtype config. file: AMS symbols (a) (RS)
)
LaTeX Font Info:    Try loading font information for U+msb on input line 39.

(/usr/share/texlive/texmf-dist/tex/latex/amsfonts/umsb.fd
File: umsb.fd 2013/01/14 v3.01 AMS symbols B
)
(/usr/share/texlive/texmf-dist/tex/latex/microtype/mt-msb.cfg
File: mt-msb.cfg 2005/06/01 v1.0 microtype config. file: AMS symbols (b) (RS)
)
LaTeX Font Info:    Try loading font information for U+lasy on input line 39.

(/usr/share/texlive/texmf-dist/tex/latex/base/ulasy.fd
File: ulasy.fd 1998/08/17 v2.2e LaTeX symbol font definitions
)
LaTeX Font Info:    Try loading font information for U+rsfs on input line 39.

(/usr/share/texlive/texmf-dist/tex/latex/jknapltx/ursfs.fd
File: ursfs.fd 1998/03/24 rsfs font definition file (jk)
)
Overfull \hbox (6.35365pt too wide) in paragraph at lines 39--39
[]|\T1/aess/m/n/10.95 (-20) Coorientadora:| 
 []


Overfull \hbox (1.04799pt too wide) in paragraph at lines 39--39
[][]  
 []

pdfTeX warning (ext4): destination with the same identifier (name{page.}) has b
een already used, duplicate ignored
<to be read again> 
                   \relax 
l.39 \imprimirfolhaderosto{}
                                                                 		   % Coma...
[2



]
\openout2 = `estrutura/pre-textuais/epigrafe.aux'.

 (./estrutura/pre-textuais/epigrafe.tex
LaTeX Font Info:    Font shape `T1/aess/m/it' in size <12> not available
(Font)              Font shape `T1/aess/m/sl' tried instead on input line 7.
)pdfTeX warning (ext4): destination with the same identifier (name{page.}) has 
been already used, duplicate ignored
<to be read again> 
                   \relax 
l.43 \include{estrutura/pre-textuais/epigrafe}
                                                            			   % Epgrafe
[3


]
\openout2 = `estrutura/pre-textuais/resumo.aux'.

 (./estrutura/pre-textuais/resumo.tex
Underfull \hbox (badness 10000) in paragraph at lines 7--9

 []


Underfull \hbox (badness 10000) in paragraph at lines 10--22

 []

pdfTeX warning (ext4): destination with the same identifier (name{page.}) has b
een already used, duplicate ignored
<to be read again> 
                   \relax 
l.26 \end{resumo}
                  [4


])
\openout2 = `estrutura/pre-textuais/abstract.aux'.

 (./estrutura/pre-textuais/abstract.tex
Underfull \hbox (badness 10000) in paragraph at lines 7--9

 []


Underfull \hbox (badness 10000) in paragraph at lines 10--16

 []

pdfTeX warning (ext4): destination with the same identifier (name{page.}) has b
een already used, duplicate ignored
<to be read again> 
                   \relax 
l.20 \end{resumo}
                  [5



])
\openout2 = `estrutura/pre-textuais/listas/listas-ilustracoes/lista-figuras.aux
'.


(./estrutura/pre-textuais/listas/listas-ilustracoes/lista-figuras.tex
(./TCC_Matsui.lof)pdfTeX warning (ext4): destination with the same identifier (
name{page.}) has been already used, duplicate ignored
<to be read again> 
                   \relax 
l.5 \cleardoublepage
                     [6



])
\openout2 = `estrutura/pre-textuais/listas/lista-tabelas.aux'.

 (./estrutura/pre-textuais/listas/lista-tabelas.tex
(./TCC_Matsui.lot)pdfTeX warning (ext4): destination with the same identifier (
name{page.}) has been already used, duplicate ignored
<to be read again> 
                   \relax 
l.5 \cleardoublepage
                     [7



])
\openout2 = `estrutura/pre-textuais/listas/lista-siglas.aux'.

 (./estrutura/pre-textuais/listas/lista-siglas.texpdfTeX warning (ext4): destin
ation with the same identifier (name{page.}) has been already used, duplicate i
gnored
<to be read again> 
                   \relax 
l.12 \end{siglas}
                  [8




])
\openout2 = `estrutura/pre-textuais/listas/lista-simbolos.aux'.

 (./estrutura/pre-textuais/listas/lista-simbolos.texpdfTeX warning (ext4): dest
ination with the same identifier (name{page.}) has been already used, duplicate
 ignored
<to be read again> 
                   \relax 
l.17 \end{simbolos}
                    [9




])
\openout2 = `estrutura/pre-textuais/listas/listas-diversas/lista-algoritmos.aux
'.


(./estrutura/pre-textuais/listas/listas-diversas/lista-algoritmos.tex
\c@loadepth=\count284
\cftbeforealgocfskip=\skip296
\cftalgocfindent=\skip297
\cftalgocfnumwidth=\skip298

(./TCC_Matsui.loa)pdfTeX warning (ext4): destination with the same identifier (
name{page.}) has been already used, duplicate ignored
<to be read again> 
                   \relax 
l.16 \cleardoublepage
                      [10




])
\openout2 = `estrutura/pre-textuais/sumario.aux'.

 (./estrutura/pre-textuais/sumario.tex
(./TCC_Matsui.tocpdfTeX warning (ext4): destination with the same identifier (n
ame{page.}) has been already used, duplicate ignored
<to be read again> 
                   \relax 
l.37 ...ANCE DA T\IeC {\'E}CNICA}{40}{section.5.1}
                                                   [11



]
LaTeX Font Info:    External font `cmex7' loaded for size
(Font)              <7> on input line 43.
)

Class memoir Warning: The material used in the headers is too large
(15.6779pt) for the given head height (14.5pt), it is recommended to
either increase the head height or redesign the header
(in both cases you will find help in the memoir manual). on input line 7.


Overfull \vbox (1.1779pt too high) has occurred while \output is active []

pdfTeX warning (ext4): destination with the same identifier (name{page.}) has b
een already used, duplicate ignored
<to be read again> 
                   \relax 
l.7 \cleardoublepage
                     [12])
\openout2 = `estrutura/textuais/introducao.aux'.

 (./estrutura/textuais/introducao.tex [12




]
Package epstopdf Info: Source file: <dados/figuras/rqu.eps>
(epstopdf)                    date: 2018-04-24 14:51:51
(epstopdf)                    size: 224571 bytes
(epstopdf)             Output file: <dados/figuras/rqu-eps-converted-to.pdf>
(epstopdf)                    date: 2018-04-24 14:51:51
(epstopdf)                    size: 56926 bytes
(epstopdf)             Command: <repstopdf --outfile=dados/figuras/rqu-eps-conv
erted-to.pdf dados/figuras/rqu.eps>
(epstopdf)             \includegraphics on input line 43.
Package epstopdf Info: Output file is already uptodate.

<dados/figuras/rqu-eps-converted-to.pdf, id=247, 157.58875pt x 147.55125pt>
File: dados/figuras/rqu-eps-converted-to.pdf Graphic file (type pdf)

<use dados/figuras/rqu-eps-converted-to.pdf>
Package pdftex.def Info: dados/figuras/rqu-eps-converted-to.pdf used on input l
ine 43.
(pdftex.def)             Requested size: 181.99722pt x 170.41432pt.
Package epstopdf Info: Source file: <dados/figuras/knnq.eps>
(epstopdf)                    date: 2018-04-24 14:51:51
(epstopdf)                    size: 17383 bytes
(epstopdf)             Output file: <dados/figuras/knnq-eps-converted-to.pdf>
(epstopdf)                    date: 2018-04-24 14:51:51
(epstopdf)                    size: 7510 bytes
(epstopdf)             Command: <repstopdf --outfile=dados/figuras/knnq-eps-con
verted-to.pdf dados/figuras/knnq.eps>
(epstopdf)             \includegraphics on input line 74.
Package epstopdf Info: Output file is already uptodate.

<dados/figuras/knnq-eps-converted-to.pdf, id=254, 154.5775pt x 135.50626pt>
File: dados/figuras/knnq-eps-converted-to.pdf Graphic file (type pdf)

<use dados/figuras/knnq-eps-converted-to.pdf>
Package pdftex.def Info: dados/figuras/knnq-eps-converted-to.pdf used on input 
line 74.
(pdftex.def)             Requested size: 181.99722pt x 159.55687pt.
LaTeX Font Info:    Font shape `T1/aess/m/it' in size <10> not available
(Font)              Font shape `T1/aess/m/sl' tried instead on input line 78.
 [13pdfTeX warning (ext4): destination with the same identifier (name{figure.1.
1}) has been already used, duplicate ignored

\AtBegShi@Output ...ipout \box \AtBeginShipoutBox 
                                                  \fi \fi 
l.78 \end{figure}
                  <./dados/figuras/rqu-eps-converted-to.pdf>]
Package epstopdf Info: Source file: <dados/figuras/rg_omni_1.eps>
(epstopdf)                    date: 2018-04-24 14:51:51
(epstopdf)                    size: 131913 bytes
(epstopdf)             Output file: <dados/figuras/rg_omni_1-eps-converted-to.p
df>
(epstopdf)                    date: 2018-04-24 14:51:51
(epstopdf)                    size: 123142 bytes
(epstopdf)             Command: <repstopdf --outfile=dados/figuras/rg_omni_1-ep
s-converted-to.pdf dados/figuras/rg_omni_1.eps>
(epstopdf)             \includegraphics on input line 94.
Package epstopdf Info: Output file is already uptodate.

<dados/figuras/rg_omni_1-eps-converted-to.pdf, id=279, 292.09125pt x 289.08pt>
File: dados/figuras/rg_omni_1-eps-converted-to.pdf Graphic file (type pdf)

<use dados/figuras/rg_omni_1-eps-converted-to.pdf>
Package pdftex.def Info: dados/figuras/rg_omni_1-eps-converted-to.pdf used on i
nput line 94.
(pdftex.def)             Requested size: 227.5pt x 225.1639pt.
 [14pdfTeX warning (ext4): destination with the same identifier (name{figure.1.
2}) has been already used, duplicate ignored

\AtBegShi@Output ...ipout \box \AtBeginShipoutBox 
                                                  \fi \fi 
l.98 
      <./dados/figuras/knnq-eps-converted-to.pdf>]
LaTeX Font Info:    Try loading font information for OMS+aess on input line 115
.
LaTeX Font Info:    No file OMSaess.fd. on input line 115.


LaTeX Font Warning: Font shape `OMS/aess/m/n' undefined
(Font)              using `OMS/cmsy/m/n' instead
(Font)              for symbol `textbullet' on input line 115.

[15pdfTeX warning (ext4): destination with the same identifier (name{figure.1.3
}) has been already used, duplicate ignored

\AtBegShi@Output ...ipout \box \AtBeginShipoutBox 
                                                  \fi \fi 
l.118  \item C
              riar a estrutura OMNI necessria para a filtragem dos clculos;
 <./dados/figuras/rg_omni_1-eps-converted-to.pdf>]) [16]
\openout2 = `estrutura/textuais/desenvolvimento/conceitos.aux'.


(./estrutura/textuais/desenvolvimento/conceitos.tex
Package epstopdf Info: Source file: <dados/figuras/desig_tri.eps>
(epstopdf)                    date: 2018-04-24 14:51:51
(epstopdf)                    size: 81834 bytes
(epstopdf)             Output file: <dados/figuras/desig_tri-eps-converted-to.p
df>
(epstopdf)                    date: 2018-04-24 14:51:51
(epstopdf)                    size: 27125 bytes
(epstopdf)             Command: <repstopdf --outfile=dados/figuras/desig_tri-ep
s-converted-to.pdf dados/figuras/desig_tri.eps>
(epstopdf)             \includegraphics on input line 42.
Package epstopdf Info: Output file is already uptodate.

<dados/figuras/desig_tri-eps-converted-to.pdf, id=330, 521.95pt x 155.58125pt>
File: dados/figuras/desig_tri-eps-converted-to.pdf Graphic file (type pdf)

<use dados/figuras/desig_tri-eps-converted-to.pdf>
Package pdftex.def Info: dados/figuras/desig_tri-eps-converted-to.pdf used on i
nput line 42.
(pdftex.def)             Requested size: 364.00139pt x 108.50255pt.
 [17



]
Package epstopdf Info: Source file: <dados/figuras/minko.eps>
(epstopdf)                    date: 2018-04-24 14:51:51
(epstopdf)                    size: 51012 bytes
(epstopdf)             Output file: <dados/figuras/minko-eps-converted-to.pdf>
(epstopdf)                    date: 2018-04-24 14:51:51
(epstopdf)                    size: 17712 bytes
(epstopdf)             Command: <repstopdf --outfile=dados/figuras/minko-eps-co
nverted-to.pdf dados/figuras/minko.eps>
(epstopdf)             \includegraphics on input line 76.
Package epstopdf Info: Output file is already uptodate.

<dados/figuras/minko-eps-converted-to.pdf, id=345, 404.41289pt x 165.32771pt>
File: dados/figuras/minko-eps-converted-to.pdf Graphic file (type pdf)

<use dados/figuras/minko-eps-converted-to.pdf>
Package pdftex.def Info: dados/figuras/minko-eps-converted-to.pdf used on input
 line 76.
(pdftex.def)             Requested size: 250.25139pt x 102.30534pt.
 [18pdfTeX warning (ext4): destination with the same identifier (name{figure.2.
4}) has been already used, duplicate ignored

\AtBegShi@Output ...ipout \box \AtBeginShipoutBox 
                                                  \fi \fi 
l.80 
      <./dados/figuras/desig_tri-eps-converted-to.pdf>] [19pdfTeX warning (ext4
): destination with the same identifier (name{figure.2.5}) has been already use
d, duplicate ignored

\AtBegShi@Output ...ipout \box \AtBeginShipoutBox 
                                                  \fi \fi 
l.121 ...dentificao de emoes humanas).\par
                                                   <./dados/figuras/minko-eps-c
onverted-to.pdf>]) [20]
\openout2 = `estrutura/textuais/desenvolvimento/OMNI.aux'.

 (./estrutura/textuais/desenvolvimento/OMNI.tex [21



]
Package epstopdf Info: Source file: <dados/figuras/rg_omni_2.eps>
(epstopdf)                    date: 2018-04-24 14:51:51
(epstopdf)                    size: 98125 bytes
(epstopdf)             Output file: <dados/figuras/rg_omni_2-eps-converted-to.p
df>
(epstopdf)                    date: 2018-04-24 14:51:51
(epstopdf)                    size: 62605 bytes
(epstopdf)             Command: <repstopdf --outfile=dados/figuras/rg_omni_2-ep
s-converted-to.pdf dados/figuras/rg_omni_2.eps>
(epstopdf)             \includegraphics on input line 62.
Package epstopdf Info: Output file is already uptodate.

<dados/figuras/rg_omni_2-eps-converted-to.pdf, id=403, 378.41376pt x 315.1775pt
>
File: dados/figuras/rg_omni_2-eps-converted-to.pdf Graphic file (type pdf)
 <use dados/figuras/rg_omni_2-eps-converted-to.pdf>
Package pdftex.def Info: dados/figuras/rg_omni_2-eps-converted-to.pdf used on i
nput line 62.
(pdftex.def)             Requested size: 273.00278pt x 227.38449pt.
 [22pdfTeX warning (ext4): destination with the same identifier (name{figure.3.
6}) has been already used, duplicate ignored

\AtBegShi@Output ...ipout \box \AtBeginShipoutBox 
                                                  \fi \fi 
l.77 a distncia entre eles como $borda$.\par
                                               <./dados/figuras/rg_omni_2-eps-c
onverted-to.pdf>]

LaTeX Warning: Command \' invalid in math mode on input line 82.

Missing character: There is no  in font cmr8!
Package epstopdf Info: Source file: <dados/figuras/rg_ex1.eps>
(epstopdf)                    date: 2018-04-24 14:51:51
(epstopdf)                    size: 39370 bytes
(epstopdf)             Output file: <dados/figuras/rg_ex1-eps-converted-to.pdf>

(epstopdf)                    date: 2018-04-24 14:51:51
(epstopdf)                    size: 18366 bytes
(epstopdf)             Command: <repstopdf --outfile=dados/figuras/rg_ex1-eps-c
onverted-to.pdf dados/figuras/rg_ex1.eps>
(epstopdf)             \includegraphics on input line 123.
Package epstopdf Info: Output file is already uptodate.

<dados/figuras/rg_ex1-eps-converted-to.pdf, id=423, 254.10692pt x 176.14403pt>
File: dados/figuras/rg_ex1-eps-converted-to.pdf Graphic file (type pdf)

<use dados/figuras/rg_ex1-eps-converted-to.pdf>
Package pdftex.def Info: dados/figuras/rg_ex1-eps-converted-to.pdf used on inpu
t line 123.
(pdftex.def)             Requested size: 250.25139pt x 173.47734pt.
 [23pdfTeX warning (ext4): destination with the same identifier (name{algocf.1}
) has been already used, duplicate ignored

\AtBegShi@Output ...ipout \box \AtBeginShipoutBox 
                                                  \fi \fi 
l.127 
      ]
Package epstopdf Info: Source file: <dados/figuras/btree.eps>
(epstopdf)                    date: 2018-04-24 14:51:51
(epstopdf)                    size: 62002 bytes
(epstopdf)             Output file: <dados/figuras/btree-eps-converted-to.pdf>
(epstopdf)                    date: 2018-04-24 14:51:51
(epstopdf)                    size: 20752 bytes
(epstopdf)             Command: <repstopdf --outfile=dados/figuras/btree-eps-co
nverted-to.pdf dados/figuras/btree.eps>
(epstopdf)             \includegraphics on input line 134.
Package epstopdf Info: Output file is already uptodate.

<dados/figuras/btree-eps-converted-to.pdf, id=431, 419.05353pt x 195.64651pt>
File: dados/figuras/btree-eps-converted-to.pdf Graphic file (type pdf)

<use dados/figuras/btree-eps-converted-to.pdf>
Package pdftex.def Info: dados/figuras/btree-eps-converted-to.pdf used on input
 line 134.
(pdftex.def)             Requested size: 364.00139pt x 169.95135pt.
Package epstopdf Info: Source file: <dados/figuras/rg_ex2.eps>
(epstopdf)                    date: 2018-04-24 14:51:51
(epstopdf)                    size: 85020 bytes
(epstopdf)             Output file: <dados/figuras/rg_ex2-eps-converted-to.pdf>

(epstopdf)                    date: 2018-04-24 14:51:51
(epstopdf)                    size: 28333 bytes
(epstopdf)             Command: <repstopdf --outfile=dados/figuras/rg_ex2-eps-c
onverted-to.pdf dados/figuras/rg_ex2.eps>
(epstopdf)             \includegraphics on input line 149.
Package epstopdf Info: Output file is already uptodate.

<dados/figuras/rg_ex2-eps-converted-to.pdf, id=432, 258.84175pt x 303.49672pt>
File: dados/figuras/rg_ex2-eps-converted-to.pdf Graphic file (type pdf)

<use dados/figuras/rg_ex2-eps-converted-to.pdf>
Package pdftex.def Info: dados/figuras/rg_ex2-eps-converted-to.pdf used on inpu
t line 149.
(pdftex.def)             Requested size: 250.25139pt x 293.43747pt.
 [24pdfTeX warning (ext4): destination with the same identifier (name{figure.3.
7}) has been already used, duplicate ignored

\AtBegShi@Output ...ipout \box \AtBeginShipoutBox 
                                                  \fi \fi 
l.153 A
        Figura \ref{fig:rgex2} ilustra a utilizao da propriedade da desi...
pdfTeX warning (ext4): destination with the same identifier (name{figure.3.8}) 
has been already used, duplicate ignored

\AtBegShi@Output ...ipout \box \AtBeginShipoutBox 
                                                  \fi \fi 
l.153 A
        Figura \ref{fig:rgex2} ilustra a utilizao da propriedade da desi...
 <./dados/figuras/rg_ex1-eps-converted-to.pdf> <./dados/figuras/btree-eps-conve
rted-to.pdf

pdfTeX warning: /usr/bin/pdflatex (file ./dados/figuras/btree-eps-converted-to.
pdf): PDF inclusion: multiple pdfs with page group included in a single page
>] [25pdfTeX warning (ext4): destination with the same identifier (name{figure.
3.9}) has been already used, duplicate ignored

\AtBegShi@Output ...ipout \box \AtBeginShipoutBox 
                                                  \fi \fi 
l.172 
         importante notar que nem todos os elementos selecionados durante a ...
 <./dados/figuras/rg_ex2-eps-converted-to.pdf>]
Package epstopdf Info: Source file: <dados/figuras/rg_ex3.eps>
(epstopdf)                    date: 2018-04-24 14:51:51
(epstopdf)                    size: 38532 bytes
(epstopdf)             Output file: <dados/figuras/rg_ex3-eps-converted-to.pdf>

(epstopdf)                    date: 2018-04-24 14:51:51
(epstopdf)                    size: 12712 bytes
(epstopdf)             Command: <repstopdf --outfile=dados/figuras/rg_ex3-eps-c
onverted-to.pdf dados/figuras/rg_ex3.eps>
(epstopdf)             \includegraphics on input line 179.
Package epstopdf Info: Output file is already uptodate.

<dados/figuras/rg_ex3-eps-converted-to.pdf, id=474, 195.40797pt x 226.79214pt>
File: dados/figuras/rg_ex3-eps-converted-to.pdf Graphic file (type pdf)

<use dados/figuras/rg_ex3-eps-converted-to.pdf>
Package pdftex.def Info: dados/figuras/rg_ex3-eps-converted-to.pdf used on inpu
t line 179.
(pdftex.def)             Requested size: 250.25139pt x 290.4452pt.
) [26pdfTeX warning (ext4): destination with the same identifier (name{figure.3
.10}) has been already used, duplicate ignored

\AtBegShi@Output ...ipout \box \AtBeginShipoutBox 
                                                  \fi \fi 
l.60 ...e{estrutura/textuais/desenvolvimento/OMNI}
                                                                            ...
 <./dados/figuras/rg_ex3-eps-converted-to.pdf>]
\openout2 = `estrutura/textuais/desenvolvimento/resultados.aux'.


(./estrutura/textuais/desenvolvimento/resultados.tex
<dados/figuras/cat325.jpg, id=482, 500.87125pt x 376.40625pt>
File: dados/figuras/cat325.jpg Graphic file (type jpg)

<use dados/figuras/cat325.jpg>
Package pdftex.def Info: dados/figuras/cat325.jpg used on input line 34.
(pdftex.def)             Requested size: 90.99861pt x 68.38197pt.

<dados/figuras/cat6243.jpg, id=483, 360.34625pt x 271.0125pt>
File: dados/figuras/cat6243.jpg Graphic file (type jpg)

<use dados/figuras/cat6243.jpg>
Package pdftex.def Info: dados/figuras/cat6243.jpg used on input line 35.
(pdftex.def)             Requested size: 90.99861pt x 68.43527pt.

<dados/figuras/dog2032.jpg, id=484, 500.87125pt x 334.24875pt>
File: dados/figuras/dog2032.jpg Graphic file (type jpg)

<use dados/figuras/dog2032.jpg>
Package pdftex.def Info: dados/figuras/dog2032.jpg used on input line 36.
(pdftex.def)             Requested size: 90.99861pt x 60.72319pt.

<dados/figuras/dog10641.jpg, id=485, 501.875pt x 375.4025pt>
File: dados/figuras/dog10641.jpg Graphic file (type jpg)

<use dados/figuras/dog10641.jpg>
Package pdftex.def Info: dados/figuras/dog10641.jpg used on input line 37.
(pdftex.def)             Requested size: 90.99861pt x 68.06215pt.
 [27



]
Package hyperref Info: bookmark level for unknown lstlisting defaults to 0 on i
nput line 54.
 [28pdfTeX warning (ext4): destination with the same identifier (name{figure.4.
11}) has been already used, duplicate ignored

\AtBegShi@Output ...ipout \box \AtBeginShipoutBox 
                                                  \fi \fi 
l.65 
      <./dados/figuras/cat325.jpg> <./dados/figuras/cat6243.jpg> <./dados/figur
as/dog2032.jpg> <./dados/figuras/dog10641.jpg>] [29]
Package epstopdf Info: Source file: <dados/figuras/focoHC.eps>
(epstopdf)                    date: 2018-11-13 18:19:27
(epstopdf)                    size: 15433 bytes
(epstopdf)             Output file: <dados/figuras/focoHC-eps-converted-to.pdf>

(epstopdf)                    date: 2018-11-13 18:21:20
(epstopdf)                    size: 9918 bytes
(epstopdf)             Command: <repstopdf --outfile=dados/figuras/focoHC-eps-c
onverted-to.pdf dados/figuras/focoHC.eps>
(epstopdf)             \includegraphics on input line 95.
Package epstopdf Info: Output file is already uptodate.

<dados/figuras/focoHC-eps-converted-to.pdf, id=515, 434.62375pt x 316.18124pt>
File: dados/figuras/focoHC-eps-converted-to.pdf Graphic file (type pdf)

<use dados/figuras/focoHC-eps-converted-to.pdf>
Package pdftex.def Info: dados/figuras/focoHC-eps-converted-to.pdf used on inpu
t line 95.
(pdftex.def)             Requested size: 273.00278pt x 198.61629pt.
Package epstopdf Info: Source file: <dados/figuras/fococatdog.eps>
(epstopdf)                    date: 2018-11-05 18:00:29
(epstopdf)                    size: 15187 bytes
(epstopdf)             Output file: <dados/figuras/fococatdog-eps-converted-to.
pdf>
(epstopdf)                    date: 2018-11-05 18:01:22
(epstopdf)                    size: 9899 bytes
(epstopdf)             Command: <repstopdf --outfile=dados/figuras/fococatdog-e
ps-converted-to.pdf dados/figuras/fococatdog.eps>
(epstopdf)             \includegraphics on input line 103.
Package epstopdf Info: Output file is already uptodate.

<dados/figuras/fococatdog-eps-converted-to.pdf, id=516, 428.60126pt x 316.18124
pt>
File: dados/figuras/fococatdog-eps-converted-to.pdf Graphic file (type pdf)
 <use dados/figuras/fococatdog-eps-converted-to.pdf>
Package pdftex.def Info: dados/figuras/fococatdog-eps-converted-to.pdf used on 
input line 103.
(pdftex.def)             Requested size: 273.00278pt x 201.39522pt.
 [30pdfTeX warning (ext4): destination with the same identifier (name{figure.4.
12}) has been already used, duplicate ignored

\AtBegShi@Output ...ipout \box \AtBeginShipoutBox 
                                                  \fi \fi 
l.113 
      pdfTeX warning (ext4): destination with the same identifier (name{figure.
4.13}) has been already used, duplicate ignored

\AtBegShi@Output ...ipout \box \AtBeginShipoutBox 
                                                  \fi \fi 
l.113 
       <./dados/figuras/focoHC-eps-converted-to.pdf> <./dados/figuras/fococatdo
g-eps-converted-to.pdf>]
LaTeX Font Info:    External font `cmex7' loaded for size
(Font)              <5> on input line 124.
 [31] [32] [33pdfTeX warning (ext4): destination with the same identifier (name
{table.4.1}) has been already used, duplicate ignored

\AtBegShi@Output ...ipout \box \AtBeginShipoutBox 
                                                  \fi \fi 
l.263 
      ] [34pdfTeX warning (ext4): destination with the same identifier (name{ta
ble.4.2}) has been already used, duplicate ignored

\AtBegShi@Output ...ipout \box \AtBeginShipoutBox 
                                                  \fi \fi 
l.326 
      pdfTeX warning (ext4): destination with the same identifier (name{table.4
.3}) has been already used, duplicate ignored

\AtBegShi@Output ...ipout \box \AtBeginShipoutBox 
                                                  \fi \fi 
l.326 
      pdfTeX warning (ext4): destination with the same identifier (name{table.4
.4}) has been already used, duplicate ignored

\AtBegShi@Output ...ipout \box \AtBeginShipoutBox 
                                                  \fi \fi 
l.326 
      ] [35pdfTeX warning (ext4): destination with the same identifier (name{ta
ble.4.5}) has been already used, duplicate ignored

\AtBegShi@Output ...ipout \box \AtBeginShipoutBox 
                                                  \fi \fi 
l.388 O
       utra forma implementada foi a expanso do raio em tempo de execu...
pdfTeX warning (ext4): destination with the same identifier (name{table.4.6}) h
as been already used, duplicate ignored

\AtBegShi@Output ...ipout \box \AtBeginShipoutBox 
                                                  \fi \fi 
l.388 O
       utra forma implementada foi a expanso do raio em tempo de execu...
pdfTeX warning (ext4): destination with the same identifier (name{table.4.7}) h
as been already used, duplicate ignored

\AtBegShi@Output ...ipout \box \AtBeginShipoutBox 
                                                  \fi \fi 
l.388 O
       utra forma implementada foi a expanso do raio em tempo de execu...
] <dados/figuras/cat50.jpg, id=667, 300.12125pt x 196.735pt>
File: dados/figuras/cat50.jpg Graphic file (type jpg)

<use dados/figuras/cat50.jpg>
Package pdftex.def Info: dados/figuras/cat50.jpg used on input line 426.
(pdftex.def)             Requested size: 90.99861pt x 59.65135pt.

<dados/figuras/cat9211.jpg, id=668, 297.11pt x 314.17375pt>
File: dados/figuras/cat9211.jpg Graphic file (type jpg)

<use dados/figuras/cat9211.jpg>
Package pdftex.def Info: dados/figuras/cat9211.jpg used on input line 427.
(pdftex.def)             Requested size: 90.99861pt x 96.22313pt.

<dados/figuras/dog10089.jpg, id=669, 501.875pt x 375.4025pt>
File: dados/figuras/dog10089.jpg Graphic file (type jpg)

<use dados/figuras/dog10089.jpg>
Package pdftex.def Info: dados/figuras/dog10089.jpg used on input line 428.
(pdftex.def)             Requested size: 90.99861pt x 68.06215pt.

<dados/figuras/dog3125.jpg, id=670, 215.80624pt x 198.7425pt>
File: dados/figuras/dog3125.jpg Graphic file (type jpg)

<use dados/figuras/dog3125.jpg>
Package pdftex.def Info: dados/figuras/dog3125.jpg used on input line 429.
(pdftex.def)             Requested size: 90.99861pt x 83.80182pt.

<dados/figuras/cat5010.jpg, id=671, 501.875pt x 375.4025pt>
File: dados/figuras/cat5010.jpg Graphic file (type jpg)

<use dados/figuras/cat5010.jpg>
Package pdftex.def Info: dados/figuras/cat5010.jpg used on input line 430.
(pdftex.def)             Requested size: 90.99861pt x 68.06215pt.

<dados/figuras/cat4258.jpg, id=672, 501.875pt x 369.38pt>
File: dados/figuras/cat4258.jpg Graphic file (type jpg)

<use dados/figuras/cat4258.jpg>
Package pdftex.def Info: dados/figuras/cat4258.jpg used on input line 431.
(pdftex.def)             Requested size: 90.99861pt x 66.97025pt.
 [36pdfTeX warning (ext4): destination with the same identifier (name{table.4.8
}) has been already used, duplicate ignored

\AtBegShi@Output ...ipout \box \AtBeginShipoutBox 
                                                  \fi \fi 
l.434 
      ] <dados/figuras/dog6431.jpg, id=688, 320.19624pt x 240.9pt>
File: dados/figuras/dog6431.jpg Graphic file (type jpg)

<use dados/figuras/dog6431.jpg>
Package pdftex.def Info: dados/figuras/dog6431.jpg used on input line 437.
(pdftex.def)             Requested size: 90.99861pt x 68.46239pt.

<dados/figuras/cat3864.jpg, id=689, 200.75pt x 177.66376pt>
File: dados/figuras/cat3864.jpg Graphic file (type jpg)

<use dados/figuras/cat3864.jpg>
Package pdftex.def Info: dados/figuras/cat3864.jpg used on input line 438.
(pdftex.def)             Requested size: 90.99861pt x 80.53621pt.

<dados/figuras/cat6114.jpg, id=690, 231.86626pt x 173.64874pt>
File: dados/figuras/cat6114.jpg Graphic file (type jpg)

<use dados/figuras/cat6114.jpg>
Package pdftex.def Info: dados/figuras/cat6114.jpg used on input line 439.
(pdftex.def)             Requested size: 90.99861pt x 68.15198pt.

<dados/figuras/cat8027.jpg, id=691, 149.55875pt x 140.525pt>
File: dados/figuras/cat8027.jpg Graphic file (type jpg)

<use dados/figuras/cat8027.jpg>
Package pdftex.def Info: dados/figuras/cat8027.jpg used on input line 440.
(pdftex.def)             Requested size: 90.99861pt x 85.50354pt.

<dados/figuras/dog12048.jpg, id=692, 200.75pt x 181.67876pt>
File: dados/figuras/dog12048.jpg Graphic file (type jpg)

<use dados/figuras/dog12048.jpg>
Package pdftex.def Info: dados/figuras/dog12048.jpg used on input line 441.
(pdftex.def)             Requested size: 90.99861pt x 82.35623pt.

<dados/figuras/dog4639.jpg, id=693, 144.54pt x 159.59625pt>
File: dados/figuras/dog4639.jpg Graphic file (type jpg)

<use dados/figuras/dog4639.jpg>
Package pdftex.def Info: dados/figuras/dog4639.jpg used on input line 442.
(pdftex.def)             Requested size: 90.99861pt x 100.47797pt.

<dados/figuras/dog11868.jpg, id=694, 199.74625pt x 190.7125pt>
File: dados/figuras/dog11868.jpg Graphic file (type jpg)

<use dados/figuras/dog11868.jpg>
Package pdftex.def Info: dados/figuras/dog11868.jpg used on input line 448.
(pdftex.def)             Requested size: 90.99861pt x 86.88199pt.

<dados/figuras/cat12219.jpg, id=695, 308.15125pt x 409.53pt>
File: dados/figuras/cat12219.jpg Graphic file (type jpg)

<use dados/figuras/cat12219.jpg>
Package pdftex.def Info: dados/figuras/cat12219.jpg used on input line 449.
(pdftex.def)             Requested size: 90.99861pt x 120.93527pt.

<dados/figuras/dog9322.jpg, id=696, 500.87125pt x 376.40625pt>
File: dados/figuras/dog9322.jpg Graphic file (type jpg)

<use dados/figuras/dog9322.jpg>
Package pdftex.def Info: dados/figuras/dog9322.jpg used on input line 450.
(pdftex.def)             Requested size: 90.99861pt x 68.38197pt.

<dados/figuras/cat9185.jpg, id=697, 416.55624pt x 501.875pt>
File: dados/figuras/cat9185.jpg Graphic file (type jpg)

<use dados/figuras/cat9185.jpg>
Package pdftex.def Info: dados/figuras/cat9185.jpg used on input line 451.
(pdftex.def)             Requested size: 90.99861pt x 109.63171pt.

<dados/figuras/cat4439.jpg, id=698, 184.69pt x 236.885pt>
File: dados/figuras/cat4439.jpg Graphic file (type jpg)

<use dados/figuras/cat4439.jpg>
Package pdftex.def Info: dados/figuras/cat4439.jpg used on input line 452.
(pdftex.def)             Requested size: 90.99861pt x 116.71443pt.

<dados/figuras/dog10028.jpg, id=699, 501.875pt x 375.4025pt>
File: dados/figuras/dog10028.jpg Graphic file (type jpg)

<use dados/figuras/dog10028.jpg>
Package pdftex.def Info: dados/figuras/dog10028.jpg used on input line 453.
(pdftex.def)             Requested size: 90.99861pt x 68.06215pt.
 [37pdfTeX warning (ext4): destination with the same identifier (name{figure.4.
14}) has been already used, duplicate ignored

\AtBegShi@Output ...ipout \box \AtBeginShipoutBox 
                                                  \fi \fi 
l.456 
      pdfTeX warning (ext4): destination with the same identifier (name{figure.
4.15}) has been already used, duplicate ignored

\AtBegShi@Output ...ipout \box \AtBeginShipoutBox 
                                                  \fi \fi 
l.456 
       <./dados/figuras/cat50.jpg> <./dados/figuras/cat9211.jpg> <./dados/figur
as/dog10089.jpg> <./dados/figuras/dog3125.jpg> <./dados/figuras/cat5010.jpg> <.
/dados/figuras/cat4258.jpg> <./dados/figuras/dog6431.jpg> <./dados/figuras/cat3
864.jpg> <./dados/figuras/cat6114.jpg> <./dados/figuras/cat8027.jpg> <./dados/f
iguras/dog12048.jpg> <./dados/figuras/dog4639.jpg>] [38pdfTeX warning (ext4): d
estination with the same identifier (name{figure.4.16}) has been already used, 
duplicate ignored

\AtBegShi@Output ...ipout \box \AtBeginShipoutBox 
                                                  \fi \fi 
l.489 
       <./dados/figuras/dog11868.jpg> <./dados/figuras/cat12219.jpg> <./dados/f
iguras/dog9322.jpg> <./dados/figuras/cat9185.jpg> <./dados/figuras/cat4439.jpg>
 <./dados/figuras/dog10028.jpg>]) [39pdfTeX warning (ext4): destination with th
e same identifier (name{table.4.9}) has been already used, duplicate ignored

\AtBegShi@Output ...ipout \box \AtBeginShipoutBox 
                                                  \fi \fi 
l.61 ...utura/textuais/desenvolvimento/resultados}
                                                                      % Resu...
pdfTeX warning (ext4): destination with the same identifier (name{table.4.10}) 
has been already used, duplicate ignored

\AtBegShi@Output ...ipout \box \AtBeginShipoutBox 
                                                  \fi \fi 
l.61 ...utura/textuais/desenvolvimento/resultados}
                                                                      % Resu...
]
\openout2 = `estrutura/textuais/conclusao.aux'.

 (./estrutura/textuais/conclusao.tex [40



pdfTeX warning (ext4): destination with the same identifier (name{table.5.11}) 
has been already used, duplicate ignored

\AtBegShi@Output ...ipout \box \AtBeginShipoutBox 
                                                  \fi \fi 
l.56 
     pdfTeX warning (ext4): destination with the same identifier (name{table.5.
12}) has been already used, duplicate ignored

\AtBegShi@Output ...ipout \box \AtBeginShipoutBox 
                                                  \fi \fi 
l.56 
     ] [41pdfTeX warning (ext4): destination with the same identifier (name{tab
le.5.13}) has been already used, duplicate ignored

\AtBegShi@Output ...ipout \box \AtBeginShipoutBox 
                                                  \fi \fi 
l.96 
     ]) [42]
\openout2 = `estrutura/pos-textuais/referencias.aux'.

 (./estrutura/pos-textuais/referencias.tex (./TCC_Matsui.bbl
(./TCC_Matsui.brf)
\tf@brf=\write5
\openout5 = `TCC_Matsui.brf'.


bibitemlist
[43



])) [44]
\openout2 = `estrutura/pos-textuais/apendices.aux'.

 (./estrutura/pos-textuais/apendices.tex [45




] [46

] [47] [48])
[49]

Class memoir Warning: The material used in the headers is too large
(15.6779pt) for the given head height (14.5pt), it is recommended to
either increase the head height or redesign the header
(in both cases you will find help in the memoir manual). on input line 71.


AED: lastpage setting LastPage
\tf@lof=\write6
\openout6 = `TCC_Matsui.lof'.

\tf@lot=\write7
\openout7 = `TCC_Matsui.lot'.

\tf@loa=\write8
\openout8 = `TCC_Matsui.loa'.

\tf@toc=\write9
\openout9 = `TCC_Matsui.toc'.

Package atveryend Info: Empty hook `BeforeClearDocument' on input line 71.
Package atveryend Info: Empty hook `AfterLastShipout' on input line 71.
(./TCC_Matsui.aux (./estrutura/pre-textuais/epigrafe.aux)
(./estrutura/pre-textuais/resumo.aux) (./estrutura/pre-textuais/abstract.aux)
(./estrutura/pre-textuais/listas/listas-ilustracoes/lista-figuras.aux)
(./estrutura/pre-textuais/listas/lista-tabelas.aux)
(./estrutura/pre-textuais/listas/lista-siglas.aux)
(./estrutura/pre-textuais/listas/lista-simbolos.aux)
(./estrutura/pre-textuais/listas/listas-diversas/lista-algoritmos.aux)
(./estrutura/pre-textuais/sumario.aux) (./estrutura/textuais/introducao.aux)
(./estrutura/textuais/desenvolvimento/conceitos.aux)
(./estrutura/textuais/desenvolvimento/OMNI.aux)
(./estrutura/textuais/desenvolvimento/resultados.aux)
(./estrutura/textuais/conclusao.aux) (./estrutura/pos-textuais/referencias.aux)
(./estrutura/pos-textuais/apendices.aux))
Package atveryend Info: Executing hook `AtVeryEndDocument' on input line 71.
Package atveryend Info: Executing hook `AtEndAfterFileList' on input line 71.
Package rerunfilecheck Info: File `TCC_Matsui.brf' has not changed.
(rerunfilecheck)             Checksum: 3845A4760A22D7361D385265FCF22425;1173.


LaTeX Font Warning: Some font shapes were not available, defaults substituted.


LaTeX Warning: There were multiply-defined labels.

Package atveryend Info: Empty hook `AtVeryVeryEnd' on input line 71.
 ) 
Here is how much of TeX's memory you used:
 19933 strings out of 493029
 296744 string characters out of 6136234
 697178 words of memory out of 5000000
 22168 multiletter control sequences out of 15000+600000
 63715 words of font info for 354 fonts, out of 8000000 for 9000
 1143 hyphenation exceptions out of 8191
 45i,17n,51p,587b,2038s stack positions out of 5000i,500n,10000p,200000b,80000s
</usr/share/texlive/texmf-dist/fonts/type1/public/amsfonts/cm/cmex10.pfb></us
r/share/texlive/texmf-dist/fonts/type1/public/amsfonts/cm/cmmi10.pfb></usr/shar
e/texlive/texmf-dist/fonts/type1/public/amsfonts/cm/cmmi12.pfb></usr/share/texl
ive/texmf-dist/fonts/type1/public/amsfonts/cm/cmmi6.pfb></usr/share/texlive/tex
mf-dist/fonts/type1/public/amsfonts/cm/cmmi7.pfb></usr/share/texlive/texmf-dist
/fonts/type1/public/amsfonts/cm/cmmi8.pfb></usr/share/texlive/texmf-dist/fonts/
type1/public/amsfonts/cm/cmr12.pfb></usr/share/texlive/texmf-dist/fonts/type1/p
ublic/amsfonts/cm/cmr6.pfb></usr/share/texlive/texmf-dist/fonts/type1/public/am
sfonts/cm/cmr8.pfb></usr/share/texlive/texmf-dist/fonts/type1/public/amsfonts/c
m/cmss10.pfb></usr/share/texlive/texmf-dist/fonts/type1/public/amsfonts/cm/cmss
12.pfb></usr/share/texlive/texmf-dist/fonts/type1/public/amsfonts/cm/cmss8.pfb>
</usr/share/texlive/texmf-dist/fonts/type1/public/amsfonts/cm/cmssbx10.pfb></us
r/share/texlive/texmf-dist/fonts/type1/public/amsfonts/cm/cmssi10.pfb></usr/sha
re/texlive/texmf-dist/fonts/type1/public/amsfonts/cm/cmssi12.pfb></usr/share/te
xlive/texmf-dist/fonts/type1/public/amsfonts/cm/cmsy10.pfb></usr/share/texlive/
texmf-dist/fonts/type1/public/amsfonts/cm/cmsy6.pfb></usr/share/texlive/texmf-d
ist/fonts/type1/public/amsfonts/cm/cmsy8.pfb></usr/share/texlive/texmf-dist/fon
ts/type1/public/amsfonts/symbols/msbm10.pfb></usr/share/texlive/texmf-dist/font
s/type1/public/rsfs/rsfs10.pfb>
Output written on TCC_Matsui.pdf (50 pages, 1151359 bytes).
PDF statistics:
 1288 PDF objects out of 1440 (max. 8388607)
 1117 compressed objects within 12 object streams
 450 named destinations out of 1000 (max. 500000)
 52795 words of extra memory for PDF output out of 61914 (max. 10000000)

